11.0273 	WARNING 	Monitor specification not found. Creating a temporary one...
11.0396 	WARNING 	User requested fullscreen with size [1280  720], but screen is actually [2560, 1440]. Using actual size
12.2180 	WARNING 	Increasing number of minimum required reversals to the number of step sizes, (11).
12.3452 	WARNING 	Increasing number of minimum required reversals to the number of step sizes, (11).
12.3456 	WARNING 	Increasing number of minimum required reversals to the number of step sizes, (11).
12.3459 	WARNING 	Increasing number of minimum required reversals to the number of step sizes, (11).
12.3463 	WARNING 	Increasing number of minimum required reversals to the number of step sizes, (11).
12.3466 	WARNING 	Increasing number of minimum required reversals to the number of step sizes, (11).
12.3469 	WARNING 	Increasing number of minimum required reversals to the number of step sizes, (11).
12.3473 	WARNING 	Increasing number of minimum required reversals to the number of step sizes, (11).
12.3476 	WARNING 	Increasing number of minimum required reversals to the number of step sizes, (11).
12.3479 	WARNING 	Increasing number of minimum required reversals to the number of step sizes, (11).
12.3482 	WARNING 	Increasing number of minimum required reversals to the number of step sizes, (11).
12.3486 	WARNING 	Increasing number of minimum required reversals to the number of step sizes, (11).
67.9131 	WARNING 	Data file, output/runs/2024.12.09-16.37.21-089858508-1/staircase_3-4.log, will be overwritten
67.9131 	WARNING 	Data file output/runs/2024.12.09-16.37.21-089858508-1/staircase_3-4.log will be overwritten!
67.9183 	WARNING 	Data file, output/runs/2024.12.09-16.37.21-089858508-1/staircase_3-13.log, will be overwritten
67.9184 	WARNING 	Data file output/runs/2024.12.09-16.37.21-089858508-1/staircase_3-13.log will be overwritten!
67.9193 	WARNING 	Data file, output/runs/2024.12.09-16.37.21-089858508-1/staircase_4-7.log, will be overwritten
67.9193 	WARNING 	Data file output/runs/2024.12.09-16.37.21-089858508-1/staircase_4-7.log will be overwritten!
67.9204 	WARNING 	Data file, output/runs/2024.12.09-16.37.21-089858508-1/staircase_5-30.log, will be overwritten
67.9205 	WARNING 	Data file output/runs/2024.12.09-16.37.21-089858508-1/staircase_5-30.log will be overwritten!
67.9214 	WARNING 	Data file, output/runs/2024.12.09-16.37.21-089858508-1/staircase_6-14.log, will be overwritten
67.9214 	WARNING 	Data file output/runs/2024.12.09-16.37.21-089858508-1/staircase_6-14.log will be overwritten!
67.9224 	WARNING 	Data file, output/runs/2024.12.09-16.37.21-089858508-1/staircase_7-28.log, will be overwritten
67.9224 	WARNING 	Data file output/runs/2024.12.09-16.37.21-089858508-1/staircase_7-28.log will be overwritten!
67.9234 	WARNING 	Data file, output/runs/2024.12.09-16.37.21-089858508-1/staircase_9-14.log, will be overwritten
67.9234 	WARNING 	Data file output/runs/2024.12.09-16.37.21-089858508-1/staircase_9-14.log will be overwritten!
67.9254 	WARNING 	Data file, output/runs/2024.12.09-16.37.21-089858508-1/staircase_11-22.log, will be overwritten
67.9254 	WARNING 	Data file output/runs/2024.12.09-16.37.21-089858508-1/staircase_11-22.log will be overwritten!
67.9264 	WARNING 	Data file, output/runs/2024.12.09-16.37.21-089858508-1/staircase_14-30.log, will be overwritten
67.9264 	WARNING 	Data file output/runs/2024.12.09-16.37.21-089858508-1/staircase_14-30.log will be overwritten!
67.9284 	WARNING 	Data file, output/runs/2024.12.09-16.37.21-089858508-1/staircase_15-19.log, will be overwritten
67.9284 	WARNING 	Data file output/runs/2024.12.09-16.37.21-089858508-1/staircase_15-19.log will be overwritten!
67.9294 	WARNING 	Data file, output/runs/2024.12.09-16.37.21-089858508-1/staircase_19-20.log, will be overwritten
67.9294 	WARNING 	Data file output/runs/2024.12.09-16.37.21-089858508-1/staircase_19-20.log will be overwritten!
67.9304 	WARNING 	Data file, output/runs/2024.12.09-16.37.21-089858508-1/staircase_20-27.log, will be overwritten
67.9304 	WARNING 	Data file output/runs/2024.12.09-16.37.21-089858508-1/staircase_20-27.log will be overwritten!
120.3219 	WARNING 	Data file, output/runs/2024.12.09-16.37.21-089858508-1/staircase_3-4.log, will be overwritten
120.3219 	WARNING 	Data file output/runs/2024.12.09-16.37.21-089858508-1/staircase_3-4.log will be overwritten!
120.3272 	WARNING 	Data file, output/runs/2024.12.09-16.37.21-089858508-1/staircase_3-13.log, will be overwritten
120.3273 	WARNING 	Data file output/runs/2024.12.09-16.37.21-089858508-1/staircase_3-13.log will be overwritten!
120.3284 	WARNING 	Data file, output/runs/2024.12.09-16.37.21-089858508-1/staircase_4-7.log, will be overwritten
120.3284 	WARNING 	Data file output/runs/2024.12.09-16.37.21-089858508-1/staircase_4-7.log will be overwritten!
120.3297 	WARNING 	Data file, output/runs/2024.12.09-16.37.21-089858508-1/staircase_5-30.log, will be overwritten
120.3297 	WARNING 	Data file output/runs/2024.12.09-16.37.21-089858508-1/staircase_5-30.log will be overwritten!
120.3307 	WARNING 	Data file, output/runs/2024.12.09-16.37.21-089858508-1/staircase_6-14.log, will be overwritten
120.3308 	WARNING 	Data file output/runs/2024.12.09-16.37.21-089858508-1/staircase_6-14.log will be overwritten!
120.3320 	WARNING 	Data file, output/runs/2024.12.09-16.37.21-089858508-1/staircase_7-28.log, will be overwritten
120.3320 	WARNING 	Data file output/runs/2024.12.09-16.37.21-089858508-1/staircase_7-28.log will be overwritten!
120.3331 	WARNING 	Data file, output/runs/2024.12.09-16.37.21-089858508-1/staircase_9-14.log, will be overwritten
120.3331 	WARNING 	Data file output/runs/2024.12.09-16.37.21-089858508-1/staircase_9-14.log will be overwritten!
120.3341 	WARNING 	Data file, output/runs/2024.12.09-16.37.21-089858508-1/staircase_11-22.log, will be overwritten
120.3341 	WARNING 	Data file output/runs/2024.12.09-16.37.21-089858508-1/staircase_11-22.log will be overwritten!
120.3351 	WARNING 	Data file, output/runs/2024.12.09-16.37.21-089858508-1/staircase_14-30.log, will be overwritten
120.3351 	WARNING 	Data file output/runs/2024.12.09-16.37.21-089858508-1/staircase_14-30.log will be overwritten!
120.3361 	WARNING 	Data file, output/runs/2024.12.09-16.37.21-089858508-1/staircase_15-19.log, will be overwritten
120.3361 	WARNING 	Data file output/runs/2024.12.09-16.37.21-089858508-1/staircase_15-19.log will be overwritten!
120.3371 	WARNING 	Data file, output/runs/2024.12.09-16.37.21-089858508-1/staircase_19-20.log, will be overwritten
120.3371 	WARNING 	Data file output/runs/2024.12.09-16.37.21-089858508-1/staircase_19-20.log will be overwritten!
120.3381 	WARNING 	Data file, output/runs/2024.12.09-16.37.21-089858508-1/staircase_20-27.log, will be overwritten
120.3381 	WARNING 	Data file output/runs/2024.12.09-16.37.21-089858508-1/staircase_20-27.log will be overwritten!
176.3335 	WARNING 	Data file, output/runs/2024.12.09-16.37.21-089858508-1/staircase_3-4.log, will be overwritten
176.3335 	WARNING 	Data file output/runs/2024.12.09-16.37.21-089858508-1/staircase_3-4.log will be overwritten!
176.3359 	WARNING 	Data file, output/runs/2024.12.09-16.37.21-089858508-1/staircase_3-13.log, will be overwritten
176.3359 	WARNING 	Data file output/runs/2024.12.09-16.37.21-089858508-1/staircase_3-13.log will be overwritten!
176.3377 	WARNING 	Data file, output/runs/2024.12.09-16.37.21-089858508-1/staircase_4-7.log, will be overwritten
176.3377 	WARNING 	Data file output/runs/2024.12.09-16.37.21-089858508-1/staircase_4-7.log will be overwritten!
176.3389 	WARNING 	Data file, output/runs/2024.12.09-16.37.21-089858508-1/staircase_5-30.log, will be overwritten
176.3389 	WARNING 	Data file output/runs/2024.12.09-16.37.21-089858508-1/staircase_5-30.log will be overwritten!
176.3419 	WARNING 	Data file, output/runs/2024.12.09-16.37.21-089858508-1/staircase_6-14.log, will be overwritten
176.3419 	WARNING 	Data file output/runs/2024.12.09-16.37.21-089858508-1/staircase_6-14.log will be overwritten!
176.3430 	WARNING 	Data file, output/runs/2024.12.09-16.37.21-089858508-1/staircase_7-28.log, will be overwritten
176.3430 	WARNING 	Data file output/runs/2024.12.09-16.37.21-089858508-1/staircase_7-28.log will be overwritten!
176.3441 	WARNING 	Data file, output/runs/2024.12.09-16.37.21-089858508-1/staircase_9-14.log, will be overwritten
176.3441 	WARNING 	Data file output/runs/2024.12.09-16.37.21-089858508-1/staircase_9-14.log will be overwritten!
176.3452 	WARNING 	Data file, output/runs/2024.12.09-16.37.21-089858508-1/staircase_11-22.log, will be overwritten
176.3452 	WARNING 	Data file output/runs/2024.12.09-16.37.21-089858508-1/staircase_11-22.log will be overwritten!
176.3463 	WARNING 	Data file, output/runs/2024.12.09-16.37.21-089858508-1/staircase_14-30.log, will be overwritten
176.3464 	WARNING 	Data file output/runs/2024.12.09-16.37.21-089858508-1/staircase_14-30.log will be overwritten!
176.3475 	WARNING 	Data file, output/runs/2024.12.09-16.37.21-089858508-1/staircase_15-19.log, will be overwritten
176.3475 	WARNING 	Data file output/runs/2024.12.09-16.37.21-089858508-1/staircase_15-19.log will be overwritten!
176.3485 	WARNING 	Data file, output/runs/2024.12.09-16.37.21-089858508-1/staircase_19-20.log, will be overwritten
176.3485 	WARNING 	Data file output/runs/2024.12.09-16.37.21-089858508-1/staircase_19-20.log will be overwritten!
176.3495 	WARNING 	Data file, output/runs/2024.12.09-16.37.21-089858508-1/staircase_20-27.log, will be overwritten
176.3495 	WARNING 	Data file output/runs/2024.12.09-16.37.21-089858508-1/staircase_20-27.log will be overwritten!
229.3930 	WARNING 	Data file, output/runs/2024.12.09-16.37.21-089858508-1/staircase_3-4.log, will be overwritten
229.3930 	WARNING 	Data file output/runs/2024.12.09-16.37.21-089858508-1/staircase_3-4.log will be overwritten!
229.3972 	WARNING 	Data file, output/runs/2024.12.09-16.37.21-089858508-1/staircase_3-13.log, will be overwritten
229.3972 	WARNING 	Data file output/runs/2024.12.09-16.37.21-089858508-1/staircase_3-13.log will be overwritten!
229.3982 	WARNING 	Data file, output/runs/2024.12.09-16.37.21-089858508-1/staircase_4-7.log, will be overwritten
229.3982 	WARNING 	Data file output/runs/2024.12.09-16.37.21-089858508-1/staircase_4-7.log will be overwritten!
229.3992 	WARNING 	Data file, output/runs/2024.12.09-16.37.21-089858508-1/staircase_5-30.log, will be overwritten
229.3993 	WARNING 	Data file output/runs/2024.12.09-16.37.21-089858508-1/staircase_5-30.log will be overwritten!
229.4002 	WARNING 	Data file, output/runs/2024.12.09-16.37.21-089858508-1/staircase_6-14.log, will be overwritten
229.4002 	WARNING 	Data file output/runs/2024.12.09-16.37.21-089858508-1/staircase_6-14.log will be overwritten!
229.4013 	WARNING 	Data file, output/runs/2024.12.09-16.37.21-089858508-1/staircase_7-28.log, will be overwritten
229.4013 	WARNING 	Data file output/runs/2024.12.09-16.37.21-089858508-1/staircase_7-28.log will be overwritten!
229.4024 	WARNING 	Data file, output/runs/2024.12.09-16.37.21-089858508-1/staircase_9-14.log, will be overwritten
229.4024 	WARNING 	Data file output/runs/2024.12.09-16.37.21-089858508-1/staircase_9-14.log will be overwritten!
229.4033 	WARNING 	Data file, output/runs/2024.12.09-16.37.21-089858508-1/staircase_11-22.log, will be overwritten
229.4034 	WARNING 	Data file output/runs/2024.12.09-16.37.21-089858508-1/staircase_11-22.log will be overwritten!
229.4044 	WARNING 	Data file, output/runs/2024.12.09-16.37.21-089858508-1/staircase_14-30.log, will be overwritten
229.4044 	WARNING 	Data file output/runs/2024.12.09-16.37.21-089858508-1/staircase_14-30.log will be overwritten!
229.4063 	WARNING 	Data file, output/runs/2024.12.09-16.37.21-089858508-1/staircase_15-19.log, will be overwritten
229.4064 	WARNING 	Data file output/runs/2024.12.09-16.37.21-089858508-1/staircase_15-19.log will be overwritten!
229.4075 	WARNING 	Data file, output/runs/2024.12.09-16.37.21-089858508-1/staircase_19-20.log, will be overwritten
229.4075 	WARNING 	Data file output/runs/2024.12.09-16.37.21-089858508-1/staircase_19-20.log will be overwritten!
229.4084 	WARNING 	Data file, output/runs/2024.12.09-16.37.21-089858508-1/staircase_20-27.log, will be overwritten
229.4084 	WARNING 	Data file output/runs/2024.12.09-16.37.21-089858508-1/staircase_20-27.log will be overwritten!
284.2539 	WARNING 	Data file, output/runs/2024.12.09-16.37.21-089858508-1/staircase_3-4.log, will be overwritten
284.2539 	WARNING 	Data file output/runs/2024.12.09-16.37.21-089858508-1/staircase_3-4.log will be overwritten!
284.2560 	WARNING 	Data file, output/runs/2024.12.09-16.37.21-089858508-1/staircase_3-13.log, will be overwritten
284.2560 	WARNING 	Data file output/runs/2024.12.09-16.37.21-089858508-1/staircase_3-13.log will be overwritten!
284.2572 	WARNING 	Data file, output/runs/2024.12.09-16.37.21-089858508-1/staircase_4-7.log, will be overwritten
284.2573 	WARNING 	Data file output/runs/2024.12.09-16.37.21-089858508-1/staircase_4-7.log will be overwritten!
284.2603 	WARNING 	Data file, output/runs/2024.12.09-16.37.21-089858508-1/staircase_5-30.log, will be overwritten
284.2603 	WARNING 	Data file output/runs/2024.12.09-16.37.21-089858508-1/staircase_5-30.log will be overwritten!
284.2615 	WARNING 	Data file, output/runs/2024.12.09-16.37.21-089858508-1/staircase_6-14.log, will be overwritten
284.2615 	WARNING 	Data file output/runs/2024.12.09-16.37.21-089858508-1/staircase_6-14.log will be overwritten!
284.2626 	WARNING 	Data file, output/runs/2024.12.09-16.37.21-089858508-1/staircase_7-28.log, will be overwritten
284.2626 	WARNING 	Data file output/runs/2024.12.09-16.37.21-089858508-1/staircase_7-28.log will be overwritten!
284.2638 	WARNING 	Data file, output/runs/2024.12.09-16.37.21-089858508-1/staircase_9-14.log, will be overwritten
284.2638 	WARNING 	Data file output/runs/2024.12.09-16.37.21-089858508-1/staircase_9-14.log will be overwritten!
284.2649 	WARNING 	Data file, output/runs/2024.12.09-16.37.21-089858508-1/staircase_11-22.log, will be overwritten
284.2649 	WARNING 	Data file output/runs/2024.12.09-16.37.21-089858508-1/staircase_11-22.log will be overwritten!
284.2660 	WARNING 	Data file, output/runs/2024.12.09-16.37.21-089858508-1/staircase_14-30.log, will be overwritten
284.2660 	WARNING 	Data file output/runs/2024.12.09-16.37.21-089858508-1/staircase_14-30.log will be overwritten!
284.2671 	WARNING 	Data file, output/runs/2024.12.09-16.37.21-089858508-1/staircase_15-19.log, will be overwritten
284.2671 	WARNING 	Data file output/runs/2024.12.09-16.37.21-089858508-1/staircase_15-19.log will be overwritten!
284.2681 	WARNING 	Data file, output/runs/2024.12.09-16.37.21-089858508-1/staircase_19-20.log, will be overwritten
284.2682 	WARNING 	Data file output/runs/2024.12.09-16.37.21-089858508-1/staircase_19-20.log will be overwritten!
284.2692 	WARNING 	Data file, output/runs/2024.12.09-16.37.21-089858508-1/staircase_20-27.log, will be overwritten
284.2692 	WARNING 	Data file output/runs/2024.12.09-16.37.21-089858508-1/staircase_20-27.log will be overwritten!
334.0772 	WARNING 	Data file, output/runs/2024.12.09-16.37.21-089858508-1/staircase_3-4.log, will be overwritten
334.0772 	WARNING 	Data file output/runs/2024.12.09-16.37.21-089858508-1/staircase_3-4.log will be overwritten!
334.0806 	WARNING 	Data file, output/runs/2024.12.09-16.37.21-089858508-1/staircase_3-13.log, will be overwritten
334.0807 	WARNING 	Data file output/runs/2024.12.09-16.37.21-089858508-1/staircase_3-13.log will be overwritten!
334.0836 	WARNING 	Data file, output/runs/2024.12.09-16.37.21-089858508-1/staircase_4-7.log, will be overwritten
334.0836 	WARNING 	Data file output/runs/2024.12.09-16.37.21-089858508-1/staircase_4-7.log will be overwritten!
334.0849 	WARNING 	Data file, output/runs/2024.12.09-16.37.21-089858508-1/staircase_5-30.log, will be overwritten
334.0849 	WARNING 	Data file output/runs/2024.12.09-16.37.21-089858508-1/staircase_5-30.log will be overwritten!
334.0861 	WARNING 	Data file, output/runs/2024.12.09-16.37.21-089858508-1/staircase_6-14.log, will be overwritten
334.0861 	WARNING 	Data file output/runs/2024.12.09-16.37.21-089858508-1/staircase_6-14.log will be overwritten!
334.0873 	WARNING 	Data file, output/runs/2024.12.09-16.37.21-089858508-1/staircase_7-28.log, will be overwritten
334.0873 	WARNING 	Data file output/runs/2024.12.09-16.37.21-089858508-1/staircase_7-28.log will be overwritten!
334.0884 	WARNING 	Data file, output/runs/2024.12.09-16.37.21-089858508-1/staircase_9-14.log, will be overwritten
334.0884 	WARNING 	Data file output/runs/2024.12.09-16.37.21-089858508-1/staircase_9-14.log will be overwritten!
334.0895 	WARNING 	Data file, output/runs/2024.12.09-16.37.21-089858508-1/staircase_11-22.log, will be overwritten
334.0895 	WARNING 	Data file output/runs/2024.12.09-16.37.21-089858508-1/staircase_11-22.log will be overwritten!
334.0905 	WARNING 	Data file, output/runs/2024.12.09-16.37.21-089858508-1/staircase_14-30.log, will be overwritten
334.0905 	WARNING 	Data file output/runs/2024.12.09-16.37.21-089858508-1/staircase_14-30.log will be overwritten!
334.0925 	WARNING 	Data file, output/runs/2024.12.09-16.37.21-089858508-1/staircase_15-19.log, will be overwritten
334.0925 	WARNING 	Data file output/runs/2024.12.09-16.37.21-089858508-1/staircase_15-19.log will be overwritten!
334.0935 	WARNING 	Data file, output/runs/2024.12.09-16.37.21-089858508-1/staircase_19-20.log, will be overwritten
334.0935 	WARNING 	Data file output/runs/2024.12.09-16.37.21-089858508-1/staircase_19-20.log will be overwritten!
334.0945 	WARNING 	Data file, output/runs/2024.12.09-16.37.21-089858508-1/staircase_20-27.log, will be overwritten
334.0945 	WARNING 	Data file output/runs/2024.12.09-16.37.21-089858508-1/staircase_20-27.log will be overwritten!
384.0841 	WARNING 	Data file, output/runs/2024.12.09-16.37.21-089858508-1/staircase_3-4.log, will be overwritten
384.0842 	WARNING 	Data file output/runs/2024.12.09-16.37.21-089858508-1/staircase_3-4.log will be overwritten!
384.0892 	WARNING 	Data file, output/runs/2024.12.09-16.37.21-089858508-1/staircase_3-13.log, will be overwritten
384.0892 	WARNING 	Data file output/runs/2024.12.09-16.37.21-089858508-1/staircase_3-13.log will be overwritten!
384.0922 	WARNING 	Data file, output/runs/2024.12.09-16.37.21-089858508-1/staircase_4-7.log, will be overwritten
384.0923 	WARNING 	Data file output/runs/2024.12.09-16.37.21-089858508-1/staircase_4-7.log will be overwritten!
384.0952 	WARNING 	Data file, output/runs/2024.12.09-16.37.21-089858508-1/staircase_5-30.log, will be overwritten
384.0952 	WARNING 	Data file output/runs/2024.12.09-16.37.21-089858508-1/staircase_5-30.log will be overwritten!
384.0962 	WARNING 	Data file, output/runs/2024.12.09-16.37.21-089858508-1/staircase_6-14.log, will be overwritten
384.0963 	WARNING 	Data file output/runs/2024.12.09-16.37.21-089858508-1/staircase_6-14.log will be overwritten!
384.0974 	WARNING 	Data file, output/runs/2024.12.09-16.37.21-089858508-1/staircase_7-28.log, will be overwritten
384.0975 	WARNING 	Data file output/runs/2024.12.09-16.37.21-089858508-1/staircase_7-28.log will be overwritten!
384.1004 	WARNING 	Data file, output/runs/2024.12.09-16.37.21-089858508-1/staircase_9-14.log, will be overwritten
384.1004 	WARNING 	Data file output/runs/2024.12.09-16.37.21-089858508-1/staircase_9-14.log will be overwritten!
384.1013 	WARNING 	Data file, output/runs/2024.12.09-16.37.21-089858508-1/staircase_11-22.log, will be overwritten
384.1014 	WARNING 	Data file output/runs/2024.12.09-16.37.21-089858508-1/staircase_11-22.log will be overwritten!
384.1033 	WARNING 	Data file, output/runs/2024.12.09-16.37.21-089858508-1/staircase_14-30.log, will be overwritten
384.1034 	WARNING 	Data file output/runs/2024.12.09-16.37.21-089858508-1/staircase_14-30.log will be overwritten!
384.1043 	WARNING 	Data file, output/runs/2024.12.09-16.37.21-089858508-1/staircase_15-19.log, will be overwritten
384.1044 	WARNING 	Data file output/runs/2024.12.09-16.37.21-089858508-1/staircase_15-19.log will be overwritten!
384.1064 	WARNING 	Data file, output/runs/2024.12.09-16.37.21-089858508-1/staircase_19-20.log, will be overwritten
384.1064 	WARNING 	Data file output/runs/2024.12.09-16.37.21-089858508-1/staircase_19-20.log will be overwritten!
384.1074 	WARNING 	Data file, output/runs/2024.12.09-16.37.21-089858508-1/staircase_20-27.log, will be overwritten
384.1074 	WARNING 	Data file output/runs/2024.12.09-16.37.21-089858508-1/staircase_20-27.log will be overwritten!
434.3912 	WARNING 	Data file, output/runs/2024.12.09-16.37.21-089858508-1/staircase_3-4.log, will be overwritten
434.3913 	WARNING 	Data file output/runs/2024.12.09-16.37.21-089858508-1/staircase_3-4.log will be overwritten!
434.3929 	WARNING 	Data file, output/runs/2024.12.09-16.37.21-089858508-1/staircase_3-13.log, will be overwritten
434.3929 	WARNING 	Data file output/runs/2024.12.09-16.37.21-089858508-1/staircase_3-13.log will be overwritten!
434.3940 	WARNING 	Data file, output/runs/2024.12.09-16.37.21-089858508-1/staircase_4-7.log, will be overwritten
434.3941 	WARNING 	Data file output/runs/2024.12.09-16.37.21-089858508-1/staircase_4-7.log will be overwritten!
434.3952 	WARNING 	Data file, output/runs/2024.12.09-16.37.21-089858508-1/staircase_5-30.log, will be overwritten
434.3952 	WARNING 	Data file output/runs/2024.12.09-16.37.21-089858508-1/staircase_5-30.log will be overwritten!
434.3981 	WARNING 	Data file, output/runs/2024.12.09-16.37.21-089858508-1/staircase_6-14.log, will be overwritten
434.3982 	WARNING 	Data file output/runs/2024.12.09-16.37.21-089858508-1/staircase_6-14.log will be overwritten!
434.3994 	WARNING 	Data file, output/runs/2024.12.09-16.37.21-089858508-1/staircase_7-28.log, will be overwritten
434.3994 	WARNING 	Data file output/runs/2024.12.09-16.37.21-089858508-1/staircase_7-28.log will be overwritten!
434.4012 	WARNING 	Data file, output/runs/2024.12.09-16.37.21-089858508-1/staircase_9-14.log, will be overwritten
434.4012 	WARNING 	Data file output/runs/2024.12.09-16.37.21-089858508-1/staircase_9-14.log will be overwritten!
434.4023 	WARNING 	Data file, output/runs/2024.12.09-16.37.21-089858508-1/staircase_11-22.log, will be overwritten
434.4023 	WARNING 	Data file output/runs/2024.12.09-16.37.21-089858508-1/staircase_11-22.log will be overwritten!
434.4035 	WARNING 	Data file, output/runs/2024.12.09-16.37.21-089858508-1/staircase_14-30.log, will be overwritten
434.4035 	WARNING 	Data file output/runs/2024.12.09-16.37.21-089858508-1/staircase_14-30.log will be overwritten!
434.4045 	WARNING 	Data file, output/runs/2024.12.09-16.37.21-089858508-1/staircase_15-19.log, will be overwritten
434.4046 	WARNING 	Data file output/runs/2024.12.09-16.37.21-089858508-1/staircase_15-19.log will be overwritten!
434.4055 	WARNING 	Data file, output/runs/2024.12.09-16.37.21-089858508-1/staircase_19-20.log, will be overwritten
434.4056 	WARNING 	Data file output/runs/2024.12.09-16.37.21-089858508-1/staircase_19-20.log will be overwritten!
434.4075 	WARNING 	Data file, output/runs/2024.12.09-16.37.21-089858508-1/staircase_20-27.log, will be overwritten
434.4075 	WARNING 	Data file output/runs/2024.12.09-16.37.21-089858508-1/staircase_20-27.log will be overwritten!
483.2139 	WARNING 	Data file, output/runs/2024.12.09-16.37.21-089858508-1/staircase_3-4.log, will be overwritten
483.2140 	WARNING 	Data file output/runs/2024.12.09-16.37.21-089858508-1/staircase_3-4.log will be overwritten!
483.2204 	WARNING 	Data file, output/runs/2024.12.09-16.37.21-089858508-1/staircase_3-13.log, will be overwritten
483.2204 	WARNING 	Data file output/runs/2024.12.09-16.37.21-089858508-1/staircase_3-13.log will be overwritten!
483.2236 	WARNING 	Data file, output/runs/2024.12.09-16.37.21-089858508-1/staircase_4-7.log, will be overwritten
483.2236 	WARNING 	Data file output/runs/2024.12.09-16.37.21-089858508-1/staircase_4-7.log will be overwritten!
483.2299 	WARNING 	Data file, output/runs/2024.12.09-16.37.21-089858508-1/staircase_5-30.log, will be overwritten
483.2300 	WARNING 	Data file output/runs/2024.12.09-16.37.21-089858508-1/staircase_5-30.log will be overwritten!
483.2318 	WARNING 	Data file, output/runs/2024.12.09-16.37.21-089858508-1/staircase_6-14.log, will be overwritten
483.2318 	WARNING 	Data file output/runs/2024.12.09-16.37.21-089858508-1/staircase_6-14.log will be overwritten!
483.2377 	WARNING 	Data file, output/runs/2024.12.09-16.37.21-089858508-1/staircase_7-28.log, will be overwritten
483.2377 	WARNING 	Data file output/runs/2024.12.09-16.37.21-089858508-1/staircase_7-28.log will be overwritten!
483.2397 	WARNING 	Data file, output/runs/2024.12.09-16.37.21-089858508-1/staircase_9-14.log, will be overwritten
483.2397 	WARNING 	Data file output/runs/2024.12.09-16.37.21-089858508-1/staircase_9-14.log will be overwritten!
483.2415 	WARNING 	Data file, output/runs/2024.12.09-16.37.21-089858508-1/staircase_11-22.log, will be overwritten
483.2415 	WARNING 	Data file output/runs/2024.12.09-16.37.21-089858508-1/staircase_11-22.log will be overwritten!
483.2443 	WARNING 	Data file, output/runs/2024.12.09-16.37.21-089858508-1/staircase_14-30.log, will be overwritten
483.2444 	WARNING 	Data file output/runs/2024.12.09-16.37.21-089858508-1/staircase_14-30.log will be overwritten!
483.2473 	WARNING 	Data file, output/runs/2024.12.09-16.37.21-089858508-1/staircase_15-19.log, will be overwritten
483.2473 	WARNING 	Data file output/runs/2024.12.09-16.37.21-089858508-1/staircase_15-19.log will be overwritten!
483.2484 	WARNING 	Data file, output/runs/2024.12.09-16.37.21-089858508-1/staircase_19-20.log, will be overwritten
483.2485 	WARNING 	Data file output/runs/2024.12.09-16.37.21-089858508-1/staircase_19-20.log will be overwritten!
483.2504 	WARNING 	Data file, output/runs/2024.12.09-16.37.21-089858508-1/staircase_20-27.log, will be overwritten
483.2505 	WARNING 	Data file output/runs/2024.12.09-16.37.21-089858508-1/staircase_20-27.log will be overwritten!
537.3242 	WARNING 	Data file, output/runs/2024.12.09-16.37.21-089858508-1/staircase_3-4.log, will be overwritten
537.3242 	WARNING 	Data file output/runs/2024.12.09-16.37.21-089858508-1/staircase_3-4.log will be overwritten!
537.3254 	WARNING 	Data file, output/runs/2024.12.09-16.37.21-089858508-1/staircase_3-13.log, will be overwritten
537.3254 	WARNING 	Data file output/runs/2024.12.09-16.37.21-089858508-1/staircase_3-13.log will be overwritten!
537.3274 	WARNING 	Data file, output/runs/2024.12.09-16.37.21-089858508-1/staircase_4-7.log, will be overwritten
537.3274 	WARNING 	Data file output/runs/2024.12.09-16.37.21-089858508-1/staircase_4-7.log will be overwritten!
537.3293 	WARNING 	Data file, output/runs/2024.12.09-16.37.21-089858508-1/staircase_5-30.log, will be overwritten
537.3293 	WARNING 	Data file output/runs/2024.12.09-16.37.21-089858508-1/staircase_5-30.log will be overwritten!
537.3303 	WARNING 	Data file, output/runs/2024.12.09-16.37.21-089858508-1/staircase_6-14.log, will be overwritten
537.3303 	WARNING 	Data file output/runs/2024.12.09-16.37.21-089858508-1/staircase_6-14.log will be overwritten!
537.3313 	WARNING 	Data file, output/runs/2024.12.09-16.37.21-089858508-1/staircase_7-28.log, will be overwritten
537.3314 	WARNING 	Data file output/runs/2024.12.09-16.37.21-089858508-1/staircase_7-28.log will be overwritten!
537.3343 	WARNING 	Data file, output/runs/2024.12.09-16.37.21-089858508-1/staircase_9-14.log, will be overwritten
537.3343 	WARNING 	Data file output/runs/2024.12.09-16.37.21-089858508-1/staircase_9-14.log will be overwritten!
537.3372 	WARNING 	Data file, output/runs/2024.12.09-16.37.21-089858508-1/staircase_11-22.log, will be overwritten
537.3373 	WARNING 	Data file output/runs/2024.12.09-16.37.21-089858508-1/staircase_11-22.log will be overwritten!
537.3382 	WARNING 	Data file, output/runs/2024.12.09-16.37.21-089858508-1/staircase_14-30.log, will be overwritten
537.3383 	WARNING 	Data file output/runs/2024.12.09-16.37.21-089858508-1/staircase_14-30.log will be overwritten!
537.3393 	WARNING 	Data file, output/runs/2024.12.09-16.37.21-089858508-1/staircase_15-19.log, will be overwritten
537.3393 	WARNING 	Data file output/runs/2024.12.09-16.37.21-089858508-1/staircase_15-19.log will be overwritten!
537.3403 	WARNING 	Data file, output/runs/2024.12.09-16.37.21-089858508-1/staircase_19-20.log, will be overwritten
537.3403 	WARNING 	Data file output/runs/2024.12.09-16.37.21-089858508-1/staircase_19-20.log will be overwritten!
537.3433 	WARNING 	Data file, output/runs/2024.12.09-16.37.21-089858508-1/staircase_20-27.log, will be overwritten
537.3433 	WARNING 	Data file output/runs/2024.12.09-16.37.21-089858508-1/staircase_20-27.log will be overwritten!
591.7847 	WARNING 	Data file, output/runs/2024.12.09-16.37.21-089858508-1/staircase_3-4.log, will be overwritten
591.7847 	WARNING 	Data file output/runs/2024.12.09-16.37.21-089858508-1/staircase_3-4.log will be overwritten!
591.7910 	WARNING 	Data file, output/runs/2024.12.09-16.37.21-089858508-1/staircase_3-13.log, will be overwritten
591.7910 	WARNING 	Data file output/runs/2024.12.09-16.37.21-089858508-1/staircase_3-13.log will be overwritten!
591.7921 	WARNING 	Data file, output/runs/2024.12.09-16.37.21-089858508-1/staircase_4-7.log, will be overwritten
591.7921 	WARNING 	Data file output/runs/2024.12.09-16.37.21-089858508-1/staircase_4-7.log will be overwritten!
591.7932 	WARNING 	Data file, output/runs/2024.12.09-16.37.21-089858508-1/staircase_5-30.log, will be overwritten
591.7932 	WARNING 	Data file output/runs/2024.12.09-16.37.21-089858508-1/staircase_5-30.log will be overwritten!
591.7943 	WARNING 	Data file, output/runs/2024.12.09-16.37.21-089858508-1/staircase_6-14.log, will be overwritten
591.7943 	WARNING 	Data file output/runs/2024.12.09-16.37.21-089858508-1/staircase_6-14.log will be overwritten!
591.7954 	WARNING 	Data file, output/runs/2024.12.09-16.37.21-089858508-1/staircase_7-28.log, will be overwritten
591.7954 	WARNING 	Data file output/runs/2024.12.09-16.37.21-089858508-1/staircase_7-28.log will be overwritten!
591.7965 	WARNING 	Data file, output/runs/2024.12.09-16.37.21-089858508-1/staircase_9-14.log, will be overwritten
591.7965 	WARNING 	Data file output/runs/2024.12.09-16.37.21-089858508-1/staircase_9-14.log will be overwritten!
591.7975 	WARNING 	Data file, output/runs/2024.12.09-16.37.21-089858508-1/staircase_11-22.log, will be overwritten
591.7975 	WARNING 	Data file output/runs/2024.12.09-16.37.21-089858508-1/staircase_11-22.log will be overwritten!
591.7985 	WARNING 	Data file, output/runs/2024.12.09-16.37.21-089858508-1/staircase_14-30.log, will be overwritten
591.7986 	WARNING 	Data file output/runs/2024.12.09-16.37.21-089858508-1/staircase_14-30.log will be overwritten!
591.8005 	WARNING 	Data file, output/runs/2024.12.09-16.37.21-089858508-1/staircase_15-19.log, will be overwritten
591.8006 	WARNING 	Data file output/runs/2024.12.09-16.37.21-089858508-1/staircase_15-19.log will be overwritten!
591.8015 	WARNING 	Data file, output/runs/2024.12.09-16.37.21-089858508-1/staircase_19-20.log, will be overwritten
591.8015 	WARNING 	Data file output/runs/2024.12.09-16.37.21-089858508-1/staircase_19-20.log will be overwritten!
591.8025 	WARNING 	Data file, output/runs/2024.12.09-16.37.21-089858508-1/staircase_20-27.log, will be overwritten
591.8025 	WARNING 	Data file output/runs/2024.12.09-16.37.21-089858508-1/staircase_20-27.log will be overwritten!
650.0315 	WARNING 	Data file, output/runs/2024.12.09-16.37.21-089858508-1/staircase_3-4.log, will be overwritten
650.0315 	WARNING 	Data file output/runs/2024.12.09-16.37.21-089858508-1/staircase_3-4.log will be overwritten!
650.0335 	WARNING 	Data file, output/runs/2024.12.09-16.37.21-089858508-1/staircase_3-13.log, will be overwritten
650.0335 	WARNING 	Data file output/runs/2024.12.09-16.37.21-089858508-1/staircase_3-13.log will be overwritten!
650.0365 	WARNING 	Data file, output/runs/2024.12.09-16.37.21-089858508-1/staircase_4-7.log, will be overwritten
650.0366 	WARNING 	Data file output/runs/2024.12.09-16.37.21-089858508-1/staircase_4-7.log will be overwritten!
650.0394 	WARNING 	Data file, output/runs/2024.12.09-16.37.21-089858508-1/staircase_5-30.log, will be overwritten
650.0394 	WARNING 	Data file output/runs/2024.12.09-16.37.21-089858508-1/staircase_5-30.log will be overwritten!
650.0403 	WARNING 	Data file, output/runs/2024.12.09-16.37.21-089858508-1/staircase_6-14.log, will be overwritten
650.0403 	WARNING 	Data file output/runs/2024.12.09-16.37.21-089858508-1/staircase_6-14.log will be overwritten!
650.0423 	WARNING 	Data file, output/runs/2024.12.09-16.37.21-089858508-1/staircase_7-28.log, will be overwritten
650.0424 	WARNING 	Data file output/runs/2024.12.09-16.37.21-089858508-1/staircase_7-28.log will be overwritten!
650.0434 	WARNING 	Data file, output/runs/2024.12.09-16.37.21-089858508-1/staircase_9-14.log, will be overwritten
650.0435 	WARNING 	Data file output/runs/2024.12.09-16.37.21-089858508-1/staircase_9-14.log will be overwritten!
650.0464 	WARNING 	Data file, output/runs/2024.12.09-16.37.21-089858508-1/staircase_11-22.log, will be overwritten
650.0464 	WARNING 	Data file output/runs/2024.12.09-16.37.21-089858508-1/staircase_11-22.log will be overwritten!
650.0494 	WARNING 	Data file, output/runs/2024.12.09-16.37.21-089858508-1/staircase_14-30.log, will be overwritten
650.0494 	WARNING 	Data file output/runs/2024.12.09-16.37.21-089858508-1/staircase_14-30.log will be overwritten!
650.0504 	WARNING 	Data file, output/runs/2024.12.09-16.37.21-089858508-1/staircase_15-19.log, will be overwritten
650.0504 	WARNING 	Data file output/runs/2024.12.09-16.37.21-089858508-1/staircase_15-19.log will be overwritten!
650.0523 	WARNING 	Data file, output/runs/2024.12.09-16.37.21-089858508-1/staircase_19-20.log, will be overwritten
650.0524 	WARNING 	Data file output/runs/2024.12.09-16.37.21-089858508-1/staircase_19-20.log will be overwritten!
650.0554 	WARNING 	Data file, output/runs/2024.12.09-16.37.21-089858508-1/staircase_20-27.log, will be overwritten
650.0554 	WARNING 	Data file output/runs/2024.12.09-16.37.21-089858508-1/staircase_20-27.log will be overwritten!
706.8274 	WARNING 	Data file, output/runs/2024.12.09-16.37.21-089858508-1/staircase_3-4.log, will be overwritten
706.8275 	WARNING 	Data file output/runs/2024.12.09-16.37.21-089858508-1/staircase_3-4.log will be overwritten!
706.8328 	WARNING 	Data file, output/runs/2024.12.09-16.37.21-089858508-1/staircase_3-13.log, will be overwritten
706.8329 	WARNING 	Data file output/runs/2024.12.09-16.37.21-089858508-1/staircase_3-13.log will be overwritten!
706.8345 	WARNING 	Data file, output/runs/2024.12.09-16.37.21-089858508-1/staircase_4-7.log, will be overwritten
706.8345 	WARNING 	Data file output/runs/2024.12.09-16.37.21-089858508-1/staircase_4-7.log will be overwritten!
706.8360 	WARNING 	Data file, output/runs/2024.12.09-16.37.21-089858508-1/staircase_5-30.log, will be overwritten
706.8360 	WARNING 	Data file output/runs/2024.12.09-16.37.21-089858508-1/staircase_5-30.log will be overwritten!
706.8388 	WARNING 	Data file, output/runs/2024.12.09-16.37.21-089858508-1/staircase_6-14.log, will be overwritten
706.8388 	WARNING 	Data file output/runs/2024.12.09-16.37.21-089858508-1/staircase_6-14.log will be overwritten!
706.8417 	WARNING 	Data file, output/runs/2024.12.09-16.37.21-089858508-1/staircase_7-28.log, will be overwritten
706.8417 	WARNING 	Data file output/runs/2024.12.09-16.37.21-089858508-1/staircase_7-28.log will be overwritten!
706.8447 	WARNING 	Data file, output/runs/2024.12.09-16.37.21-089858508-1/staircase_9-14.log, will be overwritten
706.8448 	WARNING 	Data file output/runs/2024.12.09-16.37.21-089858508-1/staircase_9-14.log will be overwritten!
706.8477 	WARNING 	Data file, output/runs/2024.12.09-16.37.21-089858508-1/staircase_11-22.log, will be overwritten
706.8478 	WARNING 	Data file output/runs/2024.12.09-16.37.21-089858508-1/staircase_11-22.log will be overwritten!
706.8507 	WARNING 	Data file, output/runs/2024.12.09-16.37.21-089858508-1/staircase_14-30.log, will be overwritten
706.8507 	WARNING 	Data file output/runs/2024.12.09-16.37.21-089858508-1/staircase_14-30.log will be overwritten!
706.8528 	WARNING 	Data file, output/runs/2024.12.09-16.37.21-089858508-1/staircase_15-19.log, will be overwritten
706.8528 	WARNING 	Data file output/runs/2024.12.09-16.37.21-089858508-1/staircase_15-19.log will be overwritten!
706.8547 	WARNING 	Data file, output/runs/2024.12.09-16.37.21-089858508-1/staircase_19-20.log, will be overwritten
706.8547 	WARNING 	Data file output/runs/2024.12.09-16.37.21-089858508-1/staircase_19-20.log will be overwritten!
706.8577 	WARNING 	Data file, output/runs/2024.12.09-16.37.21-089858508-1/staircase_20-27.log, will be overwritten
706.8577 	WARNING 	Data file output/runs/2024.12.09-16.37.21-089858508-1/staircase_20-27.log will be overwritten!
768.6604 	WARNING 	Data file, output/runs/2024.12.09-16.37.21-089858508-1/staircase_3-4.log, will be overwritten
768.6604 	WARNING 	Data file output/runs/2024.12.09-16.37.21-089858508-1/staircase_3-4.log will be overwritten!
768.6672 	WARNING 	Data file, output/runs/2024.12.09-16.37.21-089858508-1/staircase_3-13.log, will be overwritten
768.6673 	WARNING 	Data file output/runs/2024.12.09-16.37.21-089858508-1/staircase_3-13.log will be overwritten!
768.6701 	WARNING 	Data file, output/runs/2024.12.09-16.37.21-089858508-1/staircase_4-7.log, will be overwritten
768.6701 	WARNING 	Data file output/runs/2024.12.09-16.37.21-089858508-1/staircase_4-7.log will be overwritten!
768.6731 	WARNING 	Data file, output/runs/2024.12.09-16.37.21-089858508-1/staircase_5-30.log, will be overwritten
768.6732 	WARNING 	Data file output/runs/2024.12.09-16.37.21-089858508-1/staircase_5-30.log will be overwritten!
768.6747 	WARNING 	Data file, output/runs/2024.12.09-16.37.21-089858508-1/staircase_6-14.log, will be overwritten
768.6748 	WARNING 	Data file output/runs/2024.12.09-16.37.21-089858508-1/staircase_6-14.log will be overwritten!
768.6814 	WARNING 	Data file, output/runs/2024.12.09-16.37.21-089858508-1/staircase_7-28.log, will be overwritten
768.6814 	WARNING 	Data file output/runs/2024.12.09-16.37.21-089858508-1/staircase_7-28.log will be overwritten!
768.6844 	WARNING 	Data file, output/runs/2024.12.09-16.37.21-089858508-1/staircase_9-14.log, will be overwritten
768.6844 	WARNING 	Data file output/runs/2024.12.09-16.37.21-089858508-1/staircase_9-14.log will be overwritten!
768.6874 	WARNING 	Data file, output/runs/2024.12.09-16.37.21-089858508-1/staircase_11-22.log, will be overwritten
768.6874 	WARNING 	Data file output/runs/2024.12.09-16.37.21-089858508-1/staircase_11-22.log will be overwritten!
768.6886 	WARNING 	Data file, output/runs/2024.12.09-16.37.21-089858508-1/staircase_14-30.log, will be overwritten
768.6886 	WARNING 	Data file output/runs/2024.12.09-16.37.21-089858508-1/staircase_14-30.log will be overwritten!
768.6915 	WARNING 	Data file, output/runs/2024.12.09-16.37.21-089858508-1/staircase_15-19.log, will be overwritten
768.6915 	WARNING 	Data file output/runs/2024.12.09-16.37.21-089858508-1/staircase_15-19.log will be overwritten!
768.6945 	WARNING 	Data file, output/runs/2024.12.09-16.37.21-089858508-1/staircase_19-20.log, will be overwritten
768.6945 	WARNING 	Data file output/runs/2024.12.09-16.37.21-089858508-1/staircase_19-20.log will be overwritten!
768.6975 	WARNING 	Data file, output/runs/2024.12.09-16.37.21-089858508-1/staircase_20-27.log, will be overwritten
768.6975 	WARNING 	Data file output/runs/2024.12.09-16.37.21-089858508-1/staircase_20-27.log will be overwritten!
832.1112 	WARNING 	Data file, output/runs/2024.12.09-16.37.21-089858508-1/staircase_3-4.log, will be overwritten
832.1112 	WARNING 	Data file output/runs/2024.12.09-16.37.21-089858508-1/staircase_3-4.log will be overwritten!
832.1144 	WARNING 	Data file, output/runs/2024.12.09-16.37.21-089858508-1/staircase_3-13.log, will be overwritten
832.1144 	WARNING 	Data file output/runs/2024.12.09-16.37.21-089858508-1/staircase_3-13.log will be overwritten!
832.1159 	WARNING 	Data file, output/runs/2024.12.09-16.37.21-089858508-1/staircase_4-7.log, will be overwritten
832.1159 	WARNING 	Data file output/runs/2024.12.09-16.37.21-089858508-1/staircase_4-7.log will be overwritten!
832.1173 	WARNING 	Data file, output/runs/2024.12.09-16.37.21-089858508-1/staircase_5-30.log, will be overwritten
832.1173 	WARNING 	Data file output/runs/2024.12.09-16.37.21-089858508-1/staircase_5-30.log will be overwritten!
832.1201 	WARNING 	Data file, output/runs/2024.12.09-16.37.21-089858508-1/staircase_6-14.log, will be overwritten
832.1202 	WARNING 	Data file output/runs/2024.12.09-16.37.21-089858508-1/staircase_6-14.log will be overwritten!
832.1231 	WARNING 	Data file, output/runs/2024.12.09-16.37.21-089858508-1/staircase_7-28.log, will be overwritten
832.1231 	WARNING 	Data file output/runs/2024.12.09-16.37.21-089858508-1/staircase_7-28.log will be overwritten!
832.1262 	WARNING 	Data file, output/runs/2024.12.09-16.37.21-089858508-1/staircase_9-14.log, will be overwritten
832.1262 	WARNING 	Data file output/runs/2024.12.09-16.37.21-089858508-1/staircase_9-14.log will be overwritten!
832.1274 	WARNING 	Data file, output/runs/2024.12.09-16.37.21-089858508-1/staircase_11-22.log, will be overwritten
832.1275 	WARNING 	Data file output/runs/2024.12.09-16.37.21-089858508-1/staircase_11-22.log will be overwritten!
832.1304 	WARNING 	Data file, output/runs/2024.12.09-16.37.21-089858508-1/staircase_14-30.log, will be overwritten
832.1304 	WARNING 	Data file output/runs/2024.12.09-16.37.21-089858508-1/staircase_14-30.log will be overwritten!
832.1334 	WARNING 	Data file, output/runs/2024.12.09-16.37.21-089858508-1/staircase_15-19.log, will be overwritten
832.1334 	WARNING 	Data file output/runs/2024.12.09-16.37.21-089858508-1/staircase_15-19.log will be overwritten!
832.1364 	WARNING 	Data file, output/runs/2024.12.09-16.37.21-089858508-1/staircase_19-20.log, will be overwritten
832.1364 	WARNING 	Data file output/runs/2024.12.09-16.37.21-089858508-1/staircase_19-20.log will be overwritten!
832.1394 	WARNING 	Data file, output/runs/2024.12.09-16.37.21-089858508-1/staircase_20-27.log, will be overwritten
832.1394 	WARNING 	Data file output/runs/2024.12.09-16.37.21-089858508-1/staircase_20-27.log will be overwritten!
919.6986 	WARNING 	Data file, output/runs/2024.12.09-16.37.21-089858508-1/staircase_3-4.log, will be overwritten
919.6987 	WARNING 	Data file output/runs/2024.12.09-16.37.21-089858508-1/staircase_3-4.log will be overwritten!
919.7021 	WARNING 	Data file, output/runs/2024.12.09-16.37.21-089858508-1/staircase_3-13.log, will be overwritten
919.7021 	WARNING 	Data file output/runs/2024.12.09-16.37.21-089858508-1/staircase_3-13.log will be overwritten!
919.7040 	WARNING 	Data file, output/runs/2024.12.09-16.37.21-089858508-1/staircase_4-7.log, will be overwritten
919.7040 	WARNING 	Data file output/runs/2024.12.09-16.37.21-089858508-1/staircase_4-7.log will be overwritten!
919.7070 	WARNING 	Data file, output/runs/2024.12.09-16.37.21-089858508-1/staircase_5-30.log, will be overwritten
919.7070 	WARNING 	Data file output/runs/2024.12.09-16.37.21-089858508-1/staircase_5-30.log will be overwritten!
919.7082 	WARNING 	Data file, output/runs/2024.12.09-16.37.21-089858508-1/staircase_6-14.log, will be overwritten
919.7082 	WARNING 	Data file output/runs/2024.12.09-16.37.21-089858508-1/staircase_6-14.log will be overwritten!
919.7112 	WARNING 	Data file, output/runs/2024.12.09-16.37.21-089858508-1/staircase_7-28.log, will be overwritten
919.7112 	WARNING 	Data file output/runs/2024.12.09-16.37.21-089858508-1/staircase_7-28.log will be overwritten!
919.7123 	WARNING 	Data file, output/runs/2024.12.09-16.37.21-089858508-1/staircase_9-14.log, will be overwritten
919.7124 	WARNING 	Data file output/runs/2024.12.09-16.37.21-089858508-1/staircase_9-14.log will be overwritten!
919.7135 	WARNING 	Data file, output/runs/2024.12.09-16.37.21-089858508-1/staircase_11-22.log, will be overwritten
919.7135 	WARNING 	Data file output/runs/2024.12.09-16.37.21-089858508-1/staircase_11-22.log will be overwritten!
919.7146 	WARNING 	Data file, output/runs/2024.12.09-16.37.21-089858508-1/staircase_14-30.log, will be overwritten
919.7146 	WARNING 	Data file output/runs/2024.12.09-16.37.21-089858508-1/staircase_14-30.log will be overwritten!
919.7157 	WARNING 	Data file, output/runs/2024.12.09-16.37.21-089858508-1/staircase_15-19.log, will be overwritten
919.7158 	WARNING 	Data file output/runs/2024.12.09-16.37.21-089858508-1/staircase_15-19.log will be overwritten!
919.7169 	WARNING 	Data file, output/runs/2024.12.09-16.37.21-089858508-1/staircase_19-20.log, will be overwritten
919.7169 	WARNING 	Data file output/runs/2024.12.09-16.37.21-089858508-1/staircase_19-20.log will be overwritten!
919.7180 	WARNING 	Data file, output/runs/2024.12.09-16.37.21-089858508-1/staircase_20-27.log, will be overwritten
919.7180 	WARNING 	Data file output/runs/2024.12.09-16.37.21-089858508-1/staircase_20-27.log will be overwritten!
976.1601 	WARNING 	Data file, output/runs/2024.12.09-16.37.21-089858508-1/staircase_3-4.log, will be overwritten
976.1602 	WARNING 	Data file output/runs/2024.12.09-16.37.21-089858508-1/staircase_3-4.log will be overwritten!
976.1666 	WARNING 	Data file, output/runs/2024.12.09-16.37.21-089858508-1/staircase_3-13.log, will be overwritten
976.1666 	WARNING 	Data file output/runs/2024.12.09-16.37.21-089858508-1/staircase_3-13.log will be overwritten!
976.1695 	WARNING 	Data file, output/runs/2024.12.09-16.37.21-089858508-1/staircase_4-7.log, will be overwritten
976.1696 	WARNING 	Data file output/runs/2024.12.09-16.37.21-089858508-1/staircase_4-7.log will be overwritten!
976.1726 	WARNING 	Data file, output/runs/2024.12.09-16.37.21-089858508-1/staircase_5-30.log, will be overwritten
976.1726 	WARNING 	Data file output/runs/2024.12.09-16.37.21-089858508-1/staircase_5-30.log will be overwritten!
976.1755 	WARNING 	Data file, output/runs/2024.12.09-16.37.21-089858508-1/staircase_6-14.log, will be overwritten
976.1756 	WARNING 	Data file output/runs/2024.12.09-16.37.21-089858508-1/staircase_6-14.log will be overwritten!
976.1785 	WARNING 	Data file, output/runs/2024.12.09-16.37.21-089858508-1/staircase_7-28.log, will be overwritten
976.1785 	WARNING 	Data file output/runs/2024.12.09-16.37.21-089858508-1/staircase_7-28.log will be overwritten!
976.1815 	WARNING 	Data file, output/runs/2024.12.09-16.37.21-089858508-1/staircase_9-14.log, will be overwritten
976.1815 	WARNING 	Data file output/runs/2024.12.09-16.37.21-089858508-1/staircase_9-14.log will be overwritten!
976.1827 	WARNING 	Data file, output/runs/2024.12.09-16.37.21-089858508-1/staircase_11-22.log, will be overwritten
976.1827 	WARNING 	Data file output/runs/2024.12.09-16.37.21-089858508-1/staircase_11-22.log will be overwritten!
976.1839 	WARNING 	Data file, output/runs/2024.12.09-16.37.21-089858508-1/staircase_14-30.log, will be overwritten
976.1839 	WARNING 	Data file output/runs/2024.12.09-16.37.21-089858508-1/staircase_14-30.log will be overwritten!
976.1869 	WARNING 	Data file, output/runs/2024.12.09-16.37.21-089858508-1/staircase_15-19.log, will be overwritten
976.1869 	WARNING 	Data file output/runs/2024.12.09-16.37.21-089858508-1/staircase_15-19.log will be overwritten!
976.1899 	WARNING 	Data file, output/runs/2024.12.09-16.37.21-089858508-1/staircase_19-20.log, will be overwritten
976.1900 	WARNING 	Data file output/runs/2024.12.09-16.37.21-089858508-1/staircase_19-20.log will be overwritten!
976.1929 	WARNING 	Data file, output/runs/2024.12.09-16.37.21-089858508-1/staircase_20-27.log, will be overwritten
976.1930 	WARNING 	Data file output/runs/2024.12.09-16.37.21-089858508-1/staircase_20-27.log will be overwritten!
1040.6124 	WARNING 	Data file, output/runs/2024.12.09-16.37.21-089858508-1/staircase_3-4.log, will be overwritten
1040.6125 	WARNING 	Data file output/runs/2024.12.09-16.37.21-089858508-1/staircase_3-4.log will be overwritten!
1040.6155 	WARNING 	Data file, output/runs/2024.12.09-16.37.21-089858508-1/staircase_3-13.log, will be overwritten
1040.6155 	WARNING 	Data file output/runs/2024.12.09-16.37.21-089858508-1/staircase_3-13.log will be overwritten!
1040.6175 	WARNING 	Data file, output/runs/2024.12.09-16.37.21-089858508-1/staircase_4-7.log, will be overwritten
1040.6175 	WARNING 	Data file output/runs/2024.12.09-16.37.21-089858508-1/staircase_4-7.log will be overwritten!
1040.6194 	WARNING 	Data file, output/runs/2024.12.09-16.37.21-089858508-1/staircase_5-30.log, will be overwritten
1040.6195 	WARNING 	Data file output/runs/2024.12.09-16.37.21-089858508-1/staircase_5-30.log will be overwritten!
1040.6213 	WARNING 	Data file, output/runs/2024.12.09-16.37.21-089858508-1/staircase_6-14.log, will be overwritten
1040.6214 	WARNING 	Data file output/runs/2024.12.09-16.37.21-089858508-1/staircase_6-14.log will be overwritten!
1040.6233 	WARNING 	Data file, output/runs/2024.12.09-16.37.21-089858508-1/staircase_7-28.log, will be overwritten
1040.6233 	WARNING 	Data file output/runs/2024.12.09-16.37.21-089858508-1/staircase_7-28.log will be overwritten!
1040.6263 	WARNING 	Data file, output/runs/2024.12.09-16.37.21-089858508-1/staircase_9-14.log, will be overwritten
1040.6263 	WARNING 	Data file output/runs/2024.12.09-16.37.21-089858508-1/staircase_9-14.log will be overwritten!
1040.6275 	WARNING 	Data file, output/runs/2024.12.09-16.37.21-089858508-1/staircase_11-22.log, will be overwritten
1040.6275 	WARNING 	Data file output/runs/2024.12.09-16.37.21-089858508-1/staircase_11-22.log will be overwritten!
1040.6286 	WARNING 	Data file, output/runs/2024.12.09-16.37.21-089858508-1/staircase_14-30.log, will be overwritten
1040.6286 	WARNING 	Data file output/runs/2024.12.09-16.37.21-089858508-1/staircase_14-30.log will be overwritten!
1040.6298 	WARNING 	Data file, output/runs/2024.12.09-16.37.21-089858508-1/staircase_15-19.log, will be overwritten
1040.6298 	WARNING 	Data file output/runs/2024.12.09-16.37.21-089858508-1/staircase_15-19.log will be overwritten!
1040.6309 	WARNING 	Data file, output/runs/2024.12.09-16.37.21-089858508-1/staircase_19-20.log, will be overwritten
1040.6309 	WARNING 	Data file output/runs/2024.12.09-16.37.21-089858508-1/staircase_19-20.log will be overwritten!
1040.6321 	WARNING 	Data file, output/runs/2024.12.09-16.37.21-089858508-1/staircase_20-27.log, will be overwritten
1040.6321 	WARNING 	Data file output/runs/2024.12.09-16.37.21-089858508-1/staircase_20-27.log will be overwritten!
1116.3397 	WARNING 	Data file, output/runs/2024.12.09-16.37.21-089858508-1/staircase_3-4.log, will be overwritten
1116.3398 	WARNING 	Data file output/runs/2024.12.09-16.37.21-089858508-1/staircase_3-4.log will be overwritten!
1116.3439 	WARNING 	Data file, output/runs/2024.12.09-16.37.21-089858508-1/staircase_3-13.log, will be overwritten
1116.3439 	WARNING 	Data file output/runs/2024.12.09-16.37.21-089858508-1/staircase_3-13.log will be overwritten!
1116.3458 	WARNING 	Data file, output/runs/2024.12.09-16.37.21-089858508-1/staircase_4-7.log, will be overwritten
1116.3459 	WARNING 	Data file output/runs/2024.12.09-16.37.21-089858508-1/staircase_4-7.log will be overwritten!
1116.3489 	WARNING 	Data file, output/runs/2024.12.09-16.37.21-089858508-1/staircase_5-30.log, will be overwritten
1116.3489 	WARNING 	Data file output/runs/2024.12.09-16.37.21-089858508-1/staircase_5-30.log will be overwritten!
1116.3518 	WARNING 	Data file, output/runs/2024.12.09-16.37.21-089858508-1/staircase_6-14.log, will be overwritten
1116.3518 	WARNING 	Data file output/runs/2024.12.09-16.37.21-089858508-1/staircase_6-14.log will be overwritten!
1116.3549 	WARNING 	Data file, output/runs/2024.12.09-16.37.21-089858508-1/staircase_7-28.log, will be overwritten
1116.3549 	WARNING 	Data file output/runs/2024.12.09-16.37.21-089858508-1/staircase_7-28.log will be overwritten!
1116.3579 	WARNING 	Data file, output/runs/2024.12.09-16.37.21-089858508-1/staircase_9-14.log, will be overwritten
1116.3579 	WARNING 	Data file output/runs/2024.12.09-16.37.21-089858508-1/staircase_9-14.log will be overwritten!
1116.3608 	WARNING 	Data file, output/runs/2024.12.09-16.37.21-089858508-1/staircase_11-22.log, will be overwritten
1116.3608 	WARNING 	Data file output/runs/2024.12.09-16.37.21-089858508-1/staircase_11-22.log will be overwritten!
1116.3638 	WARNING 	Data file, output/runs/2024.12.09-16.37.21-089858508-1/staircase_14-30.log, will be overwritten
1116.3638 	WARNING 	Data file output/runs/2024.12.09-16.37.21-089858508-1/staircase_14-30.log will be overwritten!
1116.3668 	WARNING 	Data file, output/runs/2024.12.09-16.37.21-089858508-1/staircase_15-19.log, will be overwritten
1116.3668 	WARNING 	Data file output/runs/2024.12.09-16.37.21-089858508-1/staircase_15-19.log will be overwritten!
1116.3699 	WARNING 	Data file, output/runs/2024.12.09-16.37.21-089858508-1/staircase_19-20.log, will be overwritten
1116.3699 	WARNING 	Data file output/runs/2024.12.09-16.37.21-089858508-1/staircase_19-20.log will be overwritten!
1116.3729 	WARNING 	Data file, output/runs/2024.12.09-16.37.21-089858508-1/staircase_20-27.log, will be overwritten
1116.3729 	WARNING 	Data file output/runs/2024.12.09-16.37.21-089858508-1/staircase_20-27.log will be overwritten!
1179.5571 	WARNING 	Data file, output/runs/2024.12.09-16.37.21-089858508-1/staircase_3-4.log, will be overwritten
1179.5571 	WARNING 	Data file output/runs/2024.12.09-16.37.21-089858508-1/staircase_3-4.log will be overwritten!
1179.5587 	WARNING 	Data file, output/runs/2024.12.09-16.37.21-089858508-1/staircase_3-13.log, will be overwritten
1179.5587 	WARNING 	Data file output/runs/2024.12.09-16.37.21-089858508-1/staircase_3-13.log will be overwritten!
1179.5617 	WARNING 	Data file, output/runs/2024.12.09-16.37.21-089858508-1/staircase_4-7.log, will be overwritten
1179.5617 	WARNING 	Data file output/runs/2024.12.09-16.37.21-089858508-1/staircase_4-7.log will be overwritten!
1179.5647 	WARNING 	Data file, output/runs/2024.12.09-16.37.21-089858508-1/staircase_5-30.log, will be overwritten
1179.5647 	WARNING 	Data file output/runs/2024.12.09-16.37.21-089858508-1/staircase_5-30.log will be overwritten!
1179.5677 	WARNING 	Data file, output/runs/2024.12.09-16.37.21-089858508-1/staircase_6-14.log, will be overwritten
1179.5677 	WARNING 	Data file output/runs/2024.12.09-16.37.21-089858508-1/staircase_6-14.log will be overwritten!
1179.5690 	WARNING 	Data file, output/runs/2024.12.09-16.37.21-089858508-1/staircase_7-28.log, will be overwritten
1179.5690 	WARNING 	Data file output/runs/2024.12.09-16.37.21-089858508-1/staircase_7-28.log will be overwritten!
1179.5720 	WARNING 	Data file, output/runs/2024.12.09-16.37.21-089858508-1/staircase_9-14.log, will be overwritten
1179.5720 	WARNING 	Data file output/runs/2024.12.09-16.37.21-089858508-1/staircase_9-14.log will be overwritten!
1179.5732 	WARNING 	Data file, output/runs/2024.12.09-16.37.21-089858508-1/staircase_11-22.log, will be overwritten
1179.5732 	WARNING 	Data file output/runs/2024.12.09-16.37.21-089858508-1/staircase_11-22.log will be overwritten!
1179.5744 	WARNING 	Data file, output/runs/2024.12.09-16.37.21-089858508-1/staircase_14-30.log, will be overwritten
1179.5744 	WARNING 	Data file output/runs/2024.12.09-16.37.21-089858508-1/staircase_14-30.log will be overwritten!
1179.5756 	WARNING 	Data file, output/runs/2024.12.09-16.37.21-089858508-1/staircase_15-19.log, will be overwritten
1179.5756 	WARNING 	Data file output/runs/2024.12.09-16.37.21-089858508-1/staircase_15-19.log will be overwritten!
1179.5786 	WARNING 	Data file, output/runs/2024.12.09-16.37.21-089858508-1/staircase_19-20.log, will be overwritten
1179.5786 	WARNING 	Data file output/runs/2024.12.09-16.37.21-089858508-1/staircase_19-20.log will be overwritten!
1179.5805 	WARNING 	Data file, output/runs/2024.12.09-16.37.21-089858508-1/staircase_20-27.log, will be overwritten
1179.5806 	WARNING 	Data file output/runs/2024.12.09-16.37.21-089858508-1/staircase_20-27.log will be overwritten!
1237.1867 	WARNING 	Data file, output/runs/2024.12.09-16.37.21-089858508-1/staircase_3-4.log, will be overwritten
1237.1867 	WARNING 	Data file output/runs/2024.12.09-16.37.21-089858508-1/staircase_3-4.log will be overwritten!
1237.1905 	WARNING 	Data file, output/runs/2024.12.09-16.37.21-089858508-1/staircase_3-13.log, will be overwritten
1237.1905 	WARNING 	Data file output/runs/2024.12.09-16.37.21-089858508-1/staircase_3-13.log will be overwritten!
1237.1923 	WARNING 	Data file, output/runs/2024.12.09-16.37.21-089858508-1/staircase_4-7.log, will be overwritten
1237.1924 	WARNING 	Data file output/runs/2024.12.09-16.37.21-089858508-1/staircase_4-7.log will be overwritten!
1237.1937 	WARNING 	Data file, output/runs/2024.12.09-16.37.21-089858508-1/staircase_5-30.log, will be overwritten
1237.1937 	WARNING 	Data file output/runs/2024.12.09-16.37.21-089858508-1/staircase_5-30.log will be overwritten!
1237.1966 	WARNING 	Data file, output/runs/2024.12.09-16.37.21-089858508-1/staircase_6-14.log, will be overwritten
1237.1966 	WARNING 	Data file output/runs/2024.12.09-16.37.21-089858508-1/staircase_6-14.log will be overwritten!
1237.1996 	WARNING 	Data file, output/runs/2024.12.09-16.37.21-089858508-1/staircase_7-28.log, will be overwritten
1237.1996 	WARNING 	Data file output/runs/2024.12.09-16.37.21-089858508-1/staircase_7-28.log will be overwritten!
1237.2026 	WARNING 	Data file, output/runs/2024.12.09-16.37.21-089858508-1/staircase_9-14.log, will be overwritten
1237.2026 	WARNING 	Data file output/runs/2024.12.09-16.37.21-089858508-1/staircase_9-14.log will be overwritten!
1237.2057 	WARNING 	Data file, output/runs/2024.12.09-16.37.21-089858508-1/staircase_11-22.log, will be overwritten
1237.2057 	WARNING 	Data file output/runs/2024.12.09-16.37.21-089858508-1/staircase_11-22.log will be overwritten!
1237.2069 	WARNING 	Data file, output/runs/2024.12.09-16.37.21-089858508-1/staircase_14-30.log, will be overwritten
1237.2070 	WARNING 	Data file output/runs/2024.12.09-16.37.21-089858508-1/staircase_14-30.log will be overwritten!
1237.2099 	WARNING 	Data file, output/runs/2024.12.09-16.37.21-089858508-1/staircase_15-19.log, will be overwritten
1237.2099 	WARNING 	Data file output/runs/2024.12.09-16.37.21-089858508-1/staircase_15-19.log will be overwritten!
1237.2129 	WARNING 	Data file, output/runs/2024.12.09-16.37.21-089858508-1/staircase_19-20.log, will be overwritten
1237.2129 	WARNING 	Data file output/runs/2024.12.09-16.37.21-089858508-1/staircase_19-20.log will be overwritten!
1237.2159 	WARNING 	Data file, output/runs/2024.12.09-16.37.21-089858508-1/staircase_20-27.log, will be overwritten
1237.2159 	WARNING 	Data file output/runs/2024.12.09-16.37.21-089858508-1/staircase_20-27.log will be overwritten!
1304.8578 	WARNING 	Data file, output/runs/2024.12.09-16.37.21-089858508-1/staircase_3-4.log, will be overwritten
1304.8578 	WARNING 	Data file output/runs/2024.12.09-16.37.21-089858508-1/staircase_3-4.log will be overwritten!
1304.8601 	WARNING 	Data file, output/runs/2024.12.09-16.37.21-089858508-1/staircase_3-13.log, will be overwritten
1304.8602 	WARNING 	Data file output/runs/2024.12.09-16.37.21-089858508-1/staircase_3-13.log will be overwritten!
1304.8616 	WARNING 	Data file, output/runs/2024.12.09-16.37.21-089858508-1/staircase_4-7.log, will be overwritten
1304.8616 	WARNING 	Data file output/runs/2024.12.09-16.37.21-089858508-1/staircase_4-7.log will be overwritten!
1304.8629 	WARNING 	Data file, output/runs/2024.12.09-16.37.21-089858508-1/staircase_5-30.log, will be overwritten
1304.8629 	WARNING 	Data file output/runs/2024.12.09-16.37.21-089858508-1/staircase_5-30.log will be overwritten!
1304.8658 	WARNING 	Data file, output/runs/2024.12.09-16.37.21-089858508-1/staircase_6-14.log, will be overwritten
1304.8659 	WARNING 	Data file output/runs/2024.12.09-16.37.21-089858508-1/staircase_6-14.log will be overwritten!
1304.8671 	WARNING 	Data file, output/runs/2024.12.09-16.37.21-089858508-1/staircase_7-28.log, will be overwritten
1304.8671 	WARNING 	Data file output/runs/2024.12.09-16.37.21-089858508-1/staircase_7-28.log will be overwritten!
1304.8683 	WARNING 	Data file, output/runs/2024.12.09-16.37.21-089858508-1/staircase_9-14.log, will be overwritten
1304.8683 	WARNING 	Data file output/runs/2024.12.09-16.37.21-089858508-1/staircase_9-14.log will be overwritten!
1304.8695 	WARNING 	Data file, output/runs/2024.12.09-16.37.21-089858508-1/staircase_11-22.log, will be overwritten
1304.8695 	WARNING 	Data file output/runs/2024.12.09-16.37.21-089858508-1/staircase_11-22.log will be overwritten!
1304.8708 	WARNING 	Data file, output/runs/2024.12.09-16.37.21-089858508-1/staircase_14-30.log, will be overwritten
1304.8708 	WARNING 	Data file output/runs/2024.12.09-16.37.21-089858508-1/staircase_14-30.log will be overwritten!
1304.8720 	WARNING 	Data file, output/runs/2024.12.09-16.37.21-089858508-1/staircase_15-19.log, will be overwritten
1304.8720 	WARNING 	Data file output/runs/2024.12.09-16.37.21-089858508-1/staircase_15-19.log will be overwritten!
1304.8750 	WARNING 	Data file, output/runs/2024.12.09-16.37.21-089858508-1/staircase_19-20.log, will be overwritten
1304.8750 	WARNING 	Data file output/runs/2024.12.09-16.37.21-089858508-1/staircase_19-20.log will be overwritten!
1304.8781 	WARNING 	Data file, output/runs/2024.12.09-16.37.21-089858508-1/staircase_20-27.log, will be overwritten
1304.8781 	WARNING 	Data file output/runs/2024.12.09-16.37.21-089858508-1/staircase_20-27.log will be overwritten!
1361.8039 	WARNING 	Data file, output/runs/2024.12.09-16.37.21-089858508-1/staircase_3-4.log, will be overwritten
1361.8039 	WARNING 	Data file output/runs/2024.12.09-16.37.21-089858508-1/staircase_3-4.log will be overwritten!
1361.8090 	WARNING 	Data file, output/runs/2024.12.09-16.37.21-089858508-1/staircase_3-13.log, will be overwritten
1361.8090 	WARNING 	Data file output/runs/2024.12.09-16.37.21-089858508-1/staircase_3-13.log will be overwritten!
1361.8112 	WARNING 	Data file, output/runs/2024.12.09-16.37.21-089858508-1/staircase_4-7.log, will be overwritten
1361.8112 	WARNING 	Data file output/runs/2024.12.09-16.37.21-089858508-1/staircase_4-7.log will be overwritten!
1361.8134 	WARNING 	Data file, output/runs/2024.12.09-16.37.21-089858508-1/staircase_5-30.log, will be overwritten
1361.8134 	WARNING 	Data file output/runs/2024.12.09-16.37.21-089858508-1/staircase_5-30.log will be overwritten!
1361.8156 	WARNING 	Data file, output/runs/2024.12.09-16.37.21-089858508-1/staircase_6-14.log, will be overwritten
1361.8156 	WARNING 	Data file output/runs/2024.12.09-16.37.21-089858508-1/staircase_6-14.log will be overwritten!
1361.8168 	WARNING 	Data file, output/runs/2024.12.09-16.37.21-089858508-1/staircase_7-28.log, will be overwritten
1361.8168 	WARNING 	Data file output/runs/2024.12.09-16.37.21-089858508-1/staircase_7-28.log will be overwritten!
1361.8190 	WARNING 	Data file, output/runs/2024.12.09-16.37.21-089858508-1/staircase_9-14.log, will be overwritten
1361.8190 	WARNING 	Data file output/runs/2024.12.09-16.37.21-089858508-1/staircase_9-14.log will be overwritten!
1361.8212 	WARNING 	Data file, output/runs/2024.12.09-16.37.21-089858508-1/staircase_11-22.log, will be overwritten
1361.8212 	WARNING 	Data file output/runs/2024.12.09-16.37.21-089858508-1/staircase_11-22.log will be overwritten!
1361.8234 	WARNING 	Data file, output/runs/2024.12.09-16.37.21-089858508-1/staircase_14-30.log, will be overwritten
1361.8234 	WARNING 	Data file output/runs/2024.12.09-16.37.21-089858508-1/staircase_14-30.log will be overwritten!
1361.8246 	WARNING 	Data file, output/runs/2024.12.09-16.37.21-089858508-1/staircase_15-19.log, will be overwritten
1361.8246 	WARNING 	Data file output/runs/2024.12.09-16.37.21-089858508-1/staircase_15-19.log will be overwritten!
1361.8258 	WARNING 	Data file, output/runs/2024.12.09-16.37.21-089858508-1/staircase_19-20.log, will be overwritten
1361.8258 	WARNING 	Data file output/runs/2024.12.09-16.37.21-089858508-1/staircase_19-20.log will be overwritten!
1361.8279 	WARNING 	Data file, output/runs/2024.12.09-16.37.21-089858508-1/staircase_20-27.log, will be overwritten
1361.8280 	WARNING 	Data file output/runs/2024.12.09-16.37.21-089858508-1/staircase_20-27.log will be overwritten!
1424.2039 	WARNING 	Data file, output/runs/2024.12.09-16.37.21-089858508-1/staircase_3-4.log, will be overwritten
1424.2039 	WARNING 	Data file output/runs/2024.12.09-16.37.21-089858508-1/staircase_3-4.log will be overwritten!
1424.2056 	WARNING 	Data file, output/runs/2024.12.09-16.37.21-089858508-1/staircase_3-13.log, will be overwritten
1424.2056 	WARNING 	Data file output/runs/2024.12.09-16.37.21-089858508-1/staircase_3-13.log will be overwritten!
1424.2086 	WARNING 	Data file, output/runs/2024.12.09-16.37.21-089858508-1/staircase_4-7.log, will be overwritten
1424.2087 	WARNING 	Data file output/runs/2024.12.09-16.37.21-089858508-1/staircase_4-7.log will be overwritten!
1424.2100 	WARNING 	Data file, output/runs/2024.12.09-16.37.21-089858508-1/staircase_5-30.log, will be overwritten
1424.2101 	WARNING 	Data file output/runs/2024.12.09-16.37.21-089858508-1/staircase_5-30.log will be overwritten!
1424.2129 	WARNING 	Data file, output/runs/2024.12.09-16.37.21-089858508-1/staircase_6-14.log, will be overwritten
1424.2129 	WARNING 	Data file output/runs/2024.12.09-16.37.21-089858508-1/staircase_6-14.log will be overwritten!
1424.2158 	WARNING 	Data file, output/runs/2024.12.09-16.37.21-089858508-1/staircase_7-28.log, will be overwritten
1424.2159 	WARNING 	Data file output/runs/2024.12.09-16.37.21-089858508-1/staircase_7-28.log will be overwritten!
1424.2181 	WARNING 	Data file, output/runs/2024.12.09-16.37.21-089858508-1/staircase_9-14.log, will be overwritten
1424.2181 	WARNING 	Data file output/runs/2024.12.09-16.37.21-089858508-1/staircase_9-14.log will be overwritten!
1424.2201 	WARNING 	Data file, output/runs/2024.12.09-16.37.21-089858508-1/staircase_11-22.log, will be overwritten
1424.2201 	WARNING 	Data file output/runs/2024.12.09-16.37.21-089858508-1/staircase_11-22.log will be overwritten!
1424.2230 	WARNING 	Data file, output/runs/2024.12.09-16.37.21-089858508-1/staircase_14-30.log, will be overwritten
1424.2230 	WARNING 	Data file output/runs/2024.12.09-16.37.21-089858508-1/staircase_14-30.log will be overwritten!
1424.2250 	WARNING 	Data file, output/runs/2024.12.09-16.37.21-089858508-1/staircase_15-19.log, will be overwritten
1424.2250 	WARNING 	Data file output/runs/2024.12.09-16.37.21-089858508-1/staircase_15-19.log will be overwritten!
1424.2275 	WARNING 	Data file, output/runs/2024.12.09-16.37.21-089858508-1/staircase_19-20.log, will be overwritten
1424.2275 	WARNING 	Data file output/runs/2024.12.09-16.37.21-089858508-1/staircase_19-20.log will be overwritten!
1424.2330 	WARNING 	Data file, output/runs/2024.12.09-16.37.21-089858508-1/staircase_20-27.log, will be overwritten
1424.2331 	WARNING 	Data file output/runs/2024.12.09-16.37.21-089858508-1/staircase_20-27.log will be overwritten!
1503.0837 	WARNING 	Data file, output/runs/2024.12.09-16.37.21-089858508-1/staircase_3-4.log, will be overwritten
1503.0837 	WARNING 	Data file output/runs/2024.12.09-16.37.21-089858508-1/staircase_3-4.log will be overwritten!
1503.0860 	WARNING 	Data file, output/runs/2024.12.09-16.37.21-089858508-1/staircase_3-13.log, will be overwritten
1503.0861 	WARNING 	Data file output/runs/2024.12.09-16.37.21-089858508-1/staircase_3-13.log will be overwritten!
1503.0874 	WARNING 	Data file, output/runs/2024.12.09-16.37.21-089858508-1/staircase_4-7.log, will be overwritten
1503.0875 	WARNING 	Data file output/runs/2024.12.09-16.37.21-089858508-1/staircase_4-7.log will be overwritten!
1503.0898 	WARNING 	Data file, output/runs/2024.12.09-16.37.21-089858508-1/staircase_5-30.log, will be overwritten
1503.0899 	WARNING 	Data file output/runs/2024.12.09-16.37.21-089858508-1/staircase_5-30.log will be overwritten!
1503.0927 	WARNING 	Data file, output/runs/2024.12.09-16.37.21-089858508-1/staircase_6-14.log, will be overwritten
1503.0928 	WARNING 	Data file output/runs/2024.12.09-16.37.21-089858508-1/staircase_6-14.log will be overwritten!
1503.0958 	WARNING 	Data file, output/runs/2024.12.09-16.37.21-089858508-1/staircase_7-28.log, will be overwritten
1503.0958 	WARNING 	Data file output/runs/2024.12.09-16.37.21-089858508-1/staircase_7-28.log will be overwritten!
1503.0987 	WARNING 	Data file, output/runs/2024.12.09-16.37.21-089858508-1/staircase_9-14.log, will be overwritten
1503.0988 	WARNING 	Data file output/runs/2024.12.09-16.37.21-089858508-1/staircase_9-14.log will be overwritten!
1503.1010 	WARNING 	Data file, output/runs/2024.12.09-16.37.21-089858508-1/staircase_11-22.log, will be overwritten
1503.1011 	WARNING 	Data file output/runs/2024.12.09-16.37.21-089858508-1/staircase_11-22.log will be overwritten!
1503.1041 	WARNING 	Data file, output/runs/2024.12.09-16.37.21-089858508-1/staircase_14-30.log, will be overwritten
1503.1041 	WARNING 	Data file output/runs/2024.12.09-16.37.21-089858508-1/staircase_14-30.log will be overwritten!
1503.1069 	WARNING 	Data file, output/runs/2024.12.09-16.37.21-089858508-1/staircase_15-19.log, will be overwritten
1503.1069 	WARNING 	Data file output/runs/2024.12.09-16.37.21-089858508-1/staircase_15-19.log will be overwritten!
1503.1099 	WARNING 	Data file, output/runs/2024.12.09-16.37.21-089858508-1/staircase_19-20.log, will be overwritten
1503.1099 	WARNING 	Data file output/runs/2024.12.09-16.37.21-089858508-1/staircase_19-20.log will be overwritten!
1503.1129 	WARNING 	Data file, output/runs/2024.12.09-16.37.21-089858508-1/staircase_20-27.log, will be overwritten
1503.1129 	WARNING 	Data file output/runs/2024.12.09-16.37.21-089858508-1/staircase_20-27.log will be overwritten!
1579.4617 	WARNING 	Data file, output/runs/2024.12.09-16.37.21-089858508-1/staircase_3-4.log, will be overwritten
1579.4618 	WARNING 	Data file output/runs/2024.12.09-16.37.21-089858508-1/staircase_3-4.log will be overwritten!
1579.4644 	WARNING 	Data file, output/runs/2024.12.09-16.37.21-089858508-1/staircase_3-13.log, will be overwritten
1579.4645 	WARNING 	Data file output/runs/2024.12.09-16.37.21-089858508-1/staircase_3-13.log will be overwritten!
1579.4663 	WARNING 	Data file, output/runs/2024.12.09-16.37.21-089858508-1/staircase_4-7.log, will be overwritten
1579.4663 	WARNING 	Data file output/runs/2024.12.09-16.37.21-089858508-1/staircase_4-7.log will be overwritten!
1579.4693 	WARNING 	Data file, output/runs/2024.12.09-16.37.21-089858508-1/staircase_5-30.log, will be overwritten
1579.4693 	WARNING 	Data file output/runs/2024.12.09-16.37.21-089858508-1/staircase_5-30.log will be overwritten!
1579.4723 	WARNING 	Data file, output/runs/2024.12.09-16.37.21-089858508-1/staircase_6-14.log, will be overwritten
1579.4723 	WARNING 	Data file output/runs/2024.12.09-16.37.21-089858508-1/staircase_6-14.log will be overwritten!
1579.4753 	WARNING 	Data file, output/runs/2024.12.09-16.37.21-089858508-1/staircase_7-28.log, will be overwritten
1579.4753 	WARNING 	Data file output/runs/2024.12.09-16.37.21-089858508-1/staircase_7-28.log will be overwritten!
1579.4782 	WARNING 	Data file, output/runs/2024.12.09-16.37.21-089858508-1/staircase_9-14.log, will be overwritten
1579.4783 	WARNING 	Data file output/runs/2024.12.09-16.37.21-089858508-1/staircase_9-14.log will be overwritten!
1579.4798 	WARNING 	Data file, output/runs/2024.12.09-16.37.21-089858508-1/staircase_11-22.log, will be overwritten
1579.4798 	WARNING 	Data file output/runs/2024.12.09-16.37.21-089858508-1/staircase_11-22.log will be overwritten!
1579.4827 	WARNING 	Data file, output/runs/2024.12.09-16.37.21-089858508-1/staircase_14-30.log, will be overwritten
1579.4828 	WARNING 	Data file output/runs/2024.12.09-16.37.21-089858508-1/staircase_14-30.log will be overwritten!
1579.4857 	WARNING 	Data file, output/runs/2024.12.09-16.37.21-089858508-1/staircase_15-19.log, will be overwritten
1579.4857 	WARNING 	Data file output/runs/2024.12.09-16.37.21-089858508-1/staircase_15-19.log will be overwritten!
1579.4887 	WARNING 	Data file, output/runs/2024.12.09-16.37.21-089858508-1/staircase_19-20.log, will be overwritten
1579.4888 	WARNING 	Data file output/runs/2024.12.09-16.37.21-089858508-1/staircase_19-20.log will be overwritten!
1579.4917 	WARNING 	Data file, output/runs/2024.12.09-16.37.21-089858508-1/staircase_20-27.log, will be overwritten
1579.4917 	WARNING 	Data file output/runs/2024.12.09-16.37.21-089858508-1/staircase_20-27.log will be overwritten!
1671.4024 	WARNING 	Data file, output/runs/2024.12.09-16.37.21-089858508-1/staircase_3-4.log, will be overwritten
1671.4024 	WARNING 	Data file output/runs/2024.12.09-16.37.21-089858508-1/staircase_3-4.log will be overwritten!
1671.4074 	WARNING 	Data file, output/runs/2024.12.09-16.37.21-089858508-1/staircase_3-13.log, will be overwritten
1671.4074 	WARNING 	Data file output/runs/2024.12.09-16.37.21-089858508-1/staircase_3-13.log will be overwritten!
1671.4104 	WARNING 	Data file, output/runs/2024.12.09-16.37.21-089858508-1/staircase_4-7.log, will be overwritten
1671.4104 	WARNING 	Data file output/runs/2024.12.09-16.37.21-089858508-1/staircase_4-7.log will be overwritten!
1671.4126 	WARNING 	Data file, output/runs/2024.12.09-16.37.21-089858508-1/staircase_5-30.log, will be overwritten
1671.4126 	WARNING 	Data file output/runs/2024.12.09-16.37.21-089858508-1/staircase_5-30.log will be overwritten!
1671.4148 	WARNING 	Data file, output/runs/2024.12.09-16.37.21-089858508-1/staircase_6-14.log, will be overwritten
1671.4148 	WARNING 	Data file output/runs/2024.12.09-16.37.21-089858508-1/staircase_6-14.log will be overwritten!
1671.4178 	WARNING 	Data file, output/runs/2024.12.09-16.37.21-089858508-1/staircase_7-28.log, will be overwritten
1671.4178 	WARNING 	Data file output/runs/2024.12.09-16.37.21-089858508-1/staircase_7-28.log will be overwritten!
1671.4200 	WARNING 	Data file, output/runs/2024.12.09-16.37.21-089858508-1/staircase_9-14.log, will be overwritten
1671.4200 	WARNING 	Data file output/runs/2024.12.09-16.37.21-089858508-1/staircase_9-14.log will be overwritten!
1671.4220 	WARNING 	Data file, output/runs/2024.12.09-16.37.21-089858508-1/staircase_11-22.log, will be overwritten
1671.4221 	WARNING 	Data file output/runs/2024.12.09-16.37.21-089858508-1/staircase_11-22.log will be overwritten!
1671.4242 	WARNING 	Data file, output/runs/2024.12.09-16.37.21-089858508-1/staircase_14-30.log, will be overwritten
1671.4243 	WARNING 	Data file output/runs/2024.12.09-16.37.21-089858508-1/staircase_14-30.log will be overwritten!
1671.4264 	WARNING 	Data file, output/runs/2024.12.09-16.37.21-089858508-1/staircase_15-19.log, will be overwritten
1671.4265 	WARNING 	Data file output/runs/2024.12.09-16.37.21-089858508-1/staircase_15-19.log will be overwritten!
1671.4286 	WARNING 	Data file, output/runs/2024.12.09-16.37.21-089858508-1/staircase_19-20.log, will be overwritten
1671.4287 	WARNING 	Data file output/runs/2024.12.09-16.37.21-089858508-1/staircase_19-20.log will be overwritten!
1671.4316 	WARNING 	Data file, output/runs/2024.12.09-16.37.21-089858508-1/staircase_20-27.log, will be overwritten
1671.4317 	WARNING 	Data file output/runs/2024.12.09-16.37.21-089858508-1/staircase_20-27.log will be overwritten!
1744.1603 	WARNING 	Data file, output/runs/2024.12.09-16.37.21-089858508-1/staircase_3-4.log, will be overwritten
1744.1603 	WARNING 	Data file output/runs/2024.12.09-16.37.21-089858508-1/staircase_3-4.log will be overwritten!
1744.1627 	WARNING 	Data file, output/runs/2024.12.09-16.37.21-089858508-1/staircase_3-13.log, will be overwritten
1744.1628 	WARNING 	Data file output/runs/2024.12.09-16.37.21-089858508-1/staircase_3-13.log will be overwritten!
1744.1658 	WARNING 	Data file, output/runs/2024.12.09-16.37.21-089858508-1/staircase_4-7.log, will be overwritten
1744.1658 	WARNING 	Data file output/runs/2024.12.09-16.37.21-089858508-1/staircase_4-7.log will be overwritten!
1744.1672 	WARNING 	Data file, output/runs/2024.12.09-16.37.21-089858508-1/staircase_5-30.log, will be overwritten
1744.1672 	WARNING 	Data file output/runs/2024.12.09-16.37.21-089858508-1/staircase_5-30.log will be overwritten!
1744.1696 	WARNING 	Data file, output/runs/2024.12.09-16.37.21-089858508-1/staircase_6-14.log, will be overwritten
1744.1696 	WARNING 	Data file output/runs/2024.12.09-16.37.21-089858508-1/staircase_6-14.log will be overwritten!
1744.1717 	WARNING 	Data file, output/runs/2024.12.09-16.37.21-089858508-1/staircase_7-28.log, will be overwritten
1744.1718 	WARNING 	Data file output/runs/2024.12.09-16.37.21-089858508-1/staircase_7-28.log will be overwritten!
1744.1739 	WARNING 	Data file, output/runs/2024.12.09-16.37.21-089858508-1/staircase_9-14.log, will be overwritten
1744.1739 	WARNING 	Data file output/runs/2024.12.09-16.37.21-089858508-1/staircase_9-14.log will be overwritten!
1744.1759 	WARNING 	Data file, output/runs/2024.12.09-16.37.21-089858508-1/staircase_11-22.log, will be overwritten
1744.1759 	WARNING 	Data file output/runs/2024.12.09-16.37.21-089858508-1/staircase_11-22.log will be overwritten!
1744.1779 	WARNING 	Data file, output/runs/2024.12.09-16.37.21-089858508-1/staircase_14-30.log, will be overwritten
1744.1779 	WARNING 	Data file output/runs/2024.12.09-16.37.21-089858508-1/staircase_14-30.log will be overwritten!
1744.1800 	WARNING 	Data file, output/runs/2024.12.09-16.37.21-089858508-1/staircase_15-19.log, will be overwritten
1744.1800 	WARNING 	Data file output/runs/2024.12.09-16.37.21-089858508-1/staircase_15-19.log will be overwritten!
1744.1820 	WARNING 	Data file, output/runs/2024.12.09-16.37.21-089858508-1/staircase_19-20.log, will be overwritten
1744.1820 	WARNING 	Data file output/runs/2024.12.09-16.37.21-089858508-1/staircase_19-20.log will be overwritten!
1744.1841 	WARNING 	Data file, output/runs/2024.12.09-16.37.21-089858508-1/staircase_20-27.log, will be overwritten
1744.1841 	WARNING 	Data file output/runs/2024.12.09-16.37.21-089858508-1/staircase_20-27.log will be overwritten!
1807.2111 	WARNING 	Data file, output/runs/2024.12.09-16.37.21-089858508-1/staircase_3-4.log, will be overwritten
1807.2112 	WARNING 	Data file output/runs/2024.12.09-16.37.21-089858508-1/staircase_3-4.log will be overwritten!
1807.2137 	WARNING 	Data file, output/runs/2024.12.09-16.37.21-089858508-1/staircase_3-13.log, will be overwritten
1807.2138 	WARNING 	Data file output/runs/2024.12.09-16.37.21-089858508-1/staircase_3-13.log will be overwritten!
1807.2167 	WARNING 	Data file, output/runs/2024.12.09-16.37.21-089858508-1/staircase_4-7.log, will be overwritten
1807.2167 	WARNING 	Data file output/runs/2024.12.09-16.37.21-089858508-1/staircase_4-7.log will be overwritten!
1807.2191 	WARNING 	Data file, output/runs/2024.12.09-16.37.21-089858508-1/staircase_5-30.log, will be overwritten
1807.2191 	WARNING 	Data file output/runs/2024.12.09-16.37.21-089858508-1/staircase_5-30.log will be overwritten!
1807.2220 	WARNING 	Data file, output/runs/2024.12.09-16.37.21-089858508-1/staircase_6-14.log, will be overwritten
1807.2220 	WARNING 	Data file output/runs/2024.12.09-16.37.21-089858508-1/staircase_6-14.log will be overwritten!
1807.2250 	WARNING 	Data file, output/runs/2024.12.09-16.37.21-089858508-1/staircase_7-28.log, will be overwritten
1807.2250 	WARNING 	Data file output/runs/2024.12.09-16.37.21-089858508-1/staircase_7-28.log will be overwritten!
1807.2280 	WARNING 	Data file, output/runs/2024.12.09-16.37.21-089858508-1/staircase_9-14.log, will be overwritten
1807.2280 	WARNING 	Data file output/runs/2024.12.09-16.37.21-089858508-1/staircase_9-14.log will be overwritten!
1807.2310 	WARNING 	Data file, output/runs/2024.12.09-16.37.21-089858508-1/staircase_11-22.log, will be overwritten
1807.2310 	WARNING 	Data file output/runs/2024.12.09-16.37.21-089858508-1/staircase_11-22.log will be overwritten!
1807.2340 	WARNING 	Data file, output/runs/2024.12.09-16.37.21-089858508-1/staircase_14-30.log, will be overwritten
1807.2340 	WARNING 	Data file output/runs/2024.12.09-16.37.21-089858508-1/staircase_14-30.log will be overwritten!
1807.2370 	WARNING 	Data file, output/runs/2024.12.09-16.37.21-089858508-1/staircase_15-19.log, will be overwritten
1807.2370 	WARNING 	Data file output/runs/2024.12.09-16.37.21-089858508-1/staircase_15-19.log will be overwritten!
1807.2390 	WARNING 	Data file, output/runs/2024.12.09-16.37.21-089858508-1/staircase_19-20.log, will be overwritten
1807.2390 	WARNING 	Data file output/runs/2024.12.09-16.37.21-089858508-1/staircase_19-20.log will be overwritten!
1807.2410 	WARNING 	Data file, output/runs/2024.12.09-16.37.21-089858508-1/staircase_20-27.log, will be overwritten
1807.2410 	WARNING 	Data file output/runs/2024.12.09-16.37.21-089858508-1/staircase_20-27.log will be overwritten!
1874.3484 	WARNING 	Data file, output/runs/2024.12.09-16.37.21-089858508-1/staircase_3-4.log, will be overwritten
1874.3484 	WARNING 	Data file output/runs/2024.12.09-16.37.21-089858508-1/staircase_3-4.log will be overwritten!
1874.3504 	WARNING 	Data file, output/runs/2024.12.09-16.37.21-089858508-1/staircase_3-13.log, will be overwritten
1874.3504 	WARNING 	Data file output/runs/2024.12.09-16.37.21-089858508-1/staircase_3-13.log will be overwritten!
1874.3523 	WARNING 	Data file, output/runs/2024.12.09-16.37.21-089858508-1/staircase_4-7.log, will be overwritten
1874.3523 	WARNING 	Data file output/runs/2024.12.09-16.37.21-089858508-1/staircase_4-7.log will be overwritten!
1874.3544 	WARNING 	Data file, output/runs/2024.12.09-16.37.21-089858508-1/staircase_5-30.log, will be overwritten
1874.3544 	WARNING 	Data file output/runs/2024.12.09-16.37.21-089858508-1/staircase_5-30.log will be overwritten!
1874.3563 	WARNING 	Data file, output/runs/2024.12.09-16.37.21-089858508-1/staircase_6-14.log, will be overwritten
1874.3563 	WARNING 	Data file output/runs/2024.12.09-16.37.21-089858508-1/staircase_6-14.log will be overwritten!
1874.3582 	WARNING 	Data file, output/runs/2024.12.09-16.37.21-089858508-1/staircase_7-28.log, will be overwritten
1874.3582 	WARNING 	Data file output/runs/2024.12.09-16.37.21-089858508-1/staircase_7-28.log will be overwritten!
1874.3602 	WARNING 	Data file, output/runs/2024.12.09-16.37.21-089858508-1/staircase_9-14.log, will be overwritten
1874.3602 	WARNING 	Data file output/runs/2024.12.09-16.37.21-089858508-1/staircase_9-14.log will be overwritten!
1874.3631 	WARNING 	Data file, output/runs/2024.12.09-16.37.21-089858508-1/staircase_11-22.log, will be overwritten
1874.3632 	WARNING 	Data file output/runs/2024.12.09-16.37.21-089858508-1/staircase_11-22.log will be overwritten!
1874.3662 	WARNING 	Data file, output/runs/2024.12.09-16.37.21-089858508-1/staircase_14-30.log, will be overwritten
1874.3662 	WARNING 	Data file output/runs/2024.12.09-16.37.21-089858508-1/staircase_14-30.log will be overwritten!
1874.3692 	WARNING 	Data file, output/runs/2024.12.09-16.37.21-089858508-1/staircase_15-19.log, will be overwritten
1874.3692 	WARNING 	Data file output/runs/2024.12.09-16.37.21-089858508-1/staircase_15-19.log will be overwritten!
1874.3722 	WARNING 	Data file, output/runs/2024.12.09-16.37.21-089858508-1/staircase_19-20.log, will be overwritten
1874.3722 	WARNING 	Data file output/runs/2024.12.09-16.37.21-089858508-1/staircase_19-20.log will be overwritten!
1874.3751 	WARNING 	Data file, output/runs/2024.12.09-16.37.21-089858508-1/staircase_20-27.log, will be overwritten
1874.3752 	WARNING 	Data file output/runs/2024.12.09-16.37.21-089858508-1/staircase_20-27.log will be overwritten!
1874.3781 	WARNING 	Data file, output/runs/2024.12.09-16.37.21-089858508-1/staircase_3-4.log, will be overwritten
1874.3782 	WARNING 	Data file output/runs/2024.12.09-16.37.21-089858508-1/staircase_3-4.log will be overwritten!
1874.3812 	WARNING 	Data file, output/runs/2024.12.09-16.37.21-089858508-1/staircase_3-13.log, will be overwritten
1874.3812 	WARNING 	Data file output/runs/2024.12.09-16.37.21-089858508-1/staircase_3-13.log will be overwritten!
1874.3842 	WARNING 	Data file, output/runs/2024.12.09-16.37.21-089858508-1/staircase_4-7.log, will be overwritten
1874.3842 	WARNING 	Data file output/runs/2024.12.09-16.37.21-089858508-1/staircase_4-7.log will be overwritten!
1874.3871 	WARNING 	Data file, output/runs/2024.12.09-16.37.21-089858508-1/staircase_5-30.log, will be overwritten
1874.3872 	WARNING 	Data file output/runs/2024.12.09-16.37.21-089858508-1/staircase_5-30.log will be overwritten!
1874.3902 	WARNING 	Data file, output/runs/2024.12.09-16.37.21-089858508-1/staircase_6-14.log, will be overwritten
1874.3902 	WARNING 	Data file output/runs/2024.12.09-16.37.21-089858508-1/staircase_6-14.log will be overwritten!
1874.3932 	WARNING 	Data file, output/runs/2024.12.09-16.37.21-089858508-1/staircase_7-28.log, will be overwritten
1874.3932 	WARNING 	Data file output/runs/2024.12.09-16.37.21-089858508-1/staircase_7-28.log will be overwritten!
1874.3964 	WARNING 	Data file, output/runs/2024.12.09-16.37.21-089858508-1/staircase_9-14.log, will be overwritten
1874.3964 	WARNING 	Data file output/runs/2024.12.09-16.37.21-089858508-1/staircase_9-14.log will be overwritten!
1874.3992 	WARNING 	Data file, output/runs/2024.12.09-16.37.21-089858508-1/staircase_11-22.log, will be overwritten
1874.3993 	WARNING 	Data file output/runs/2024.12.09-16.37.21-089858508-1/staircase_11-22.log will be overwritten!
1874.4022 	WARNING 	Data file, output/runs/2024.12.09-16.37.21-089858508-1/staircase_14-30.log, will be overwritten
1874.4023 	WARNING 	Data file output/runs/2024.12.09-16.37.21-089858508-1/staircase_14-30.log will be overwritten!
1874.4052 	WARNING 	Data file, output/runs/2024.12.09-16.37.21-089858508-1/staircase_15-19.log, will be overwritten
1874.4052 	WARNING 	Data file output/runs/2024.12.09-16.37.21-089858508-1/staircase_15-19.log will be overwritten!
1874.4082 	WARNING 	Data file, output/runs/2024.12.09-16.37.21-089858508-1/staircase_19-20.log, will be overwritten
1874.4082 	WARNING 	Data file output/runs/2024.12.09-16.37.21-089858508-1/staircase_19-20.log will be overwritten!
1874.4112 	WARNING 	Data file, output/runs/2024.12.09-16.37.21-089858508-1/staircase_20-27.log, will be overwritten
1874.4112 	WARNING 	Data file output/runs/2024.12.09-16.37.21-089858508-1/staircase_20-27.log will be overwritten!
